<?xml version="1.0" encoding="UTF-8"?>
<testng-results skipped="0" failed="0" ignored="0" total="1" passed="1">
  <reporter-output>
    <line>
      <![CDATA[]]>
    </line>
    <line>
      <![CDATA[*** Start of Mobile Phones Load ***]]>
    </line>
    <line>
      <![CDATA[]]>
    </line>
    <line>
      <![CDATA[Excel File Deletion Successful]]>
    </line>
    <line>
      <![CDATA[Straight Talk Apple iPhone 6s Prepaid Smartphone with 32GB, Space Gray]]>
    </line>
    <line>
      <![CDATA[$149.00]]>
    </line>
    <line>
      <![CDATA[Straight Talk Prepaid Apple iPhone 6s Plus 32GB, Space Gray]]>
    </line>
    <line>
      <![CDATA[$199.00]]>
    </line>
    <line>
      <![CDATA[Straight Talk LG Rebel 4 Prepaid Smartphone]]>
    </line>
    <line>
      <![CDATA[$39.99]]>
    </line>
    <line>
      <![CDATA[Boost Mobile Samsung Galaxy A10E 32 GB Prepaid Smartphone]]>
    </line>
    <line>
      <![CDATA[$99.00]]>
    </line>
    <line>
      <![CDATA[Straight Talk Samsung Galaxy J3 Orbit Prepaid Smartphone]]>
    </line>
    <line>
      <![CDATA[$59.00]]>
    </line>
    <line>
      <![CDATA[Straight Talk Galaxy S7 32GB Gear Watch Bundle with $45 Service plan]]>
    </line>
    <line>
      <![CDATA[$299.00]]>
    </line>
    <line>
      <![CDATA[Boost Mobile Samsung Galaxy A20 32GB Prepaid Smartphone]]>
    </line>
    <line>
      <![CDATA[$179.00]]>
    </line>
    <line>
      <![CDATA[Boost Mobile ANS Wiko Ride 16 GB Prepaid Smartphone, Black]]>
    </line>
    <line>
      <![CDATA[$39.88]]>
    </line>
    <line>
      <![CDATA[Motorola G6]]>
    </line>
    <line>
      <![CDATA[$249.00]]>
    </line>
    <line>
      <![CDATA[Motorola Moto Z3 Play 64GB Unlocked Smartphone Deep Indigo]]>
    </line>
    <line>
      <![CDATA[$499.99]]>
    </line>
    <line>
      <![CDATA[AT&T PREPAID LG Phoenix 4 16GB Prepaid Smartphone, Black]]>
    </line>
    <line>
      <![CDATA[$39.88]]>
    </line>
    <line>
      <![CDATA[Walmart Family Mobile Alcatel Raven Prepaid Smartphone]]>
    </line>
    <line>
      <![CDATA[$29.88]]>
    </line>
    <line>
      <![CDATA[Walmart Family Mobile Apple iPhone 6s 32GB Prepaid Smartphone, Space Gray]]>
    </line>
    <line>
      <![CDATA[$149.99]]>
    </line>
    <line>
      <![CDATA[Straight Talk Samsung Galaxy J7 Crown Prepaid Smartphone]]>
    </line>
    <line>
      <![CDATA[$89.99]]>
    </line>
    <line>
      <![CDATA[Refurbished Apple iPhone 6 64GB, Space Gray - Unlocked GSM]]>
    </line>
    <line>
      <![CDATA[$104.44]]>
    </line>
    <line>
      <![CDATA[Tracfone Alcatel Raven Prepaid Smartphone]]>
    </line>
    <line>
      <![CDATA[$29.88]]>
    </line>
    <line>
      <![CDATA[Boost Mobile LG Stylo 4 32GB Prepaid Smartphone, Black]]>
    </line>
    <line>
      <![CDATA[$129.00]]>
    </line>
    <line>
      <![CDATA[Walmart Family Mobile Samsung Luna Pro Prepaid Smartphone (Bundle Promo Available)]]>
    </line>
    <line>
      <![CDATA[$79.99]]>
    </line>
    <line>
      <![CDATA[Total Wireless Alcatel TCL LX Prepaid Smartphone]]>
    </line>
    <line>
      <![CDATA[$26.99]]>
    </line>
    <line>
      <![CDATA[Simple Mobile Alcatel MyFlip Prepaid Phone]]>
    </line>
    <line>
      <![CDATA[$18.99]]>
    </line>
    <line>
      <![CDATA[GreatCall Jitterbug Easy-to-Use Cell Phone for Seniors, Red]]>
    </line>
    <line>
      <![CDATA[$74.00]]>
    </line>
    <line>
      <![CDATA[Walmart Family Mobile Alcatel MyFlip Prepaid Phone]]>
    </line>
    <line>
      <![CDATA[$18.99]]>
    </line>
    <line>
      <![CDATA[Straight Talk Samsung Galaxy S9 LTE Prepaid Smartphone, Black]]>
    </line>
    <line>
      <![CDATA[$399.00]]>
    </line>
    <line>
      <![CDATA[Walmart Family Mobile Apple iPhone 7 Prepaid]]>
    </line>
    <line>
      <![CDATA[$299.99]]>
    </line>
    <line>
      <![CDATA[Straight Talk LG Stylo 4 Prepaid Smartphone]]>
    </line>
    <line>
      <![CDATA[$129.99]]>
    </line>
    <line>
      <![CDATA[Walmart Family Mobile LG Premier Pro 4G LTE Prepaid Smartphone]]>
    </line>
    <line>
      <![CDATA[$59.99]]>
    </line>
    <line>
      <![CDATA[AT&T PREPAID AT&T Axia 16GB Prepaid Smartphone, Blue]]>
    </line>
    <line>
      <![CDATA[$39.88]]>
    </line>
    <line>
      <![CDATA[Walmart Family Mobile LG Rebel 4 Prepaid Smartphone]]>
    </line>
    <line>
      <![CDATA[$39.99]]>
    </line>
    <line>
      <![CDATA[Boost Mobile Samsung J3 Achieve 16GB Prepaid Smartphone, Black]]>
    </line>
    <line>
      <![CDATA[$79.00]]>
    </line>
    <line>
      <![CDATA[Straight Talk Samsung Galaxy S7 32GB Prepaid Smartphone, Black]]>
    </line>
    <line>
      <![CDATA[$199.99]]>
    </line>
    <line>
      <![CDATA[Boost Mobile Apple iPhone 6s Prepaid Cell Phone]]>
    </line>
    <line>
      <![CDATA[$199.00]]>
    </line>
    <line>
      <![CDATA[Boost Mobile Samsung J7 Refine 32GB Prepaid Smartphone, Gold]]>
    </line>
    <line>
      <![CDATA[$149.00]]>
    </line>
    <line>
      <![CDATA[AT&T PREPAID LG Xpression Plus 16GB Prepaid Smartphone, Blue]]>
    </line>
    <line>
      <![CDATA[$99.00]]>
    </line>
    <line>
      <![CDATA[Refurbished- Samsung Galaxy S8 SM-G950U 64GB Orchid Gray T-Mobile -Very Good]]>
    </line>
    <line>
      <![CDATA[$210.19]]>
    </line>
    <line>
      <![CDATA[Unlocked Smart Cell Phone 4G LTE GSM Quad Core 5" HD Display Android 7.0 Dual Camera Z517GLD]]>
    </line>
    <line>
      <![CDATA[$59.00]]>
    </line>
    <line>
      <![CDATA[AT&T PREPAID Cingular Flip 2 Prepaid Feature Phone]]>
    </line>
    <line>
      <![CDATA[$29.88]]>
    </line>
    <line>
      <![CDATA[Verizon Wireless Nokia 2V 8GB Prepaid Smartphone, Black]]>
    </line>
    <line>
      <![CDATA[$39.88]]>
    </line>
    <line>
      <![CDATA[Refurbished Apple iPhone 7 32GB - Unlocked GSM (Good)]]>
    </line>
    <line>
      <![CDATA[$179.99]]>
    </line>
    <line>
      <![CDATA[Total Wireless Samsung Galaxy J7 Crown Prepaid Smartphone]]>
    </line>
    <line>
      <![CDATA[$89.99]]>
    </line>
    <line>
      <![CDATA[Samsung Galaxy S9+ 64gb Unlocked Smartphone, Black]]>
    </line>
    <line>
      <![CDATA[$599.99]]>
    </line>
    <line>
      <![CDATA[AT&T PREPAID Alcatel TETRA 16GB Prepaid Smartphone, Black]]>
    </line>
    <line>
      <![CDATA[$34.88]]>
    </line>
    <line>
      <![CDATA[Walmart Family Mobile Samsung Sky Pro Prepaid Smartphone]]>
    </line>
    <line>
      <![CDATA[$149.00]]>
    </line>
    <line>
      <![CDATA[Straight Talk Alcatel MyFlip Prepaid Phone]]>
    </line>
    <line>
      <![CDATA[$29.99]]>
    </line>
    <line>
      <![CDATA[Boost Mobile LG Tribute Empire 16GB Prepaid Smartphone, Silver]]>
    </line>
    <line>
      <![CDATA[$49.00]]>
    </line>
    <line>
      <![CDATA[Straight Talk Motorola Moto g6 Prepaid Smartphone]]>
    </line>
    <line>
      <![CDATA[$99.99]]>
    </line>
    <line>
      <![CDATA[Samsung Note 9 128GB Unlocked Smartphone, Ocean Blue]]>
    </line>
    <line>
      <![CDATA[$899.99]]>
    </line>
    <line>
      <![CDATA[Boost Mobile LG K30 32GB Prepaid Smartphone, Black]]>
    </line>
    <line>
      <![CDATA[$79.99]]>
    </line>
    <line>
      <![CDATA[TracFone Wireless LG Rebel 4 Prepaid Smartphone]]>
    </line>
    <line>
      <![CDATA[$49.99]]>
    </line>
    <line>
      <![CDATA[TracFone Alcatel TCL LX Prepaid Smartphone]]>
    </line>
    <line>
      <![CDATA[$29.89]]>
    </line>
    <line>
      <![CDATA[Straight Talk Samsung Galaxy S8 64GB Prepaid Smartphone, Silver]]>
    </line>
    <line>
      <![CDATA[$299.00]]>
    </line>
    <line>
      <![CDATA[Walmart Family Mobile Motorola e5 Prepaid Smartphone]]>
    </line>
    <line>
      <![CDATA[$99.00]]>
    </line>
    <line>
      <![CDATA[Samsung Galaxy S8 64GB (Unlocked) - Midnight Black]]>
    </line>
    <line>
      <![CDATA[$499.99]]>
    </line>
    <line>
      <![CDATA[Plum Compass - Unlocked 4G GSM Smart Cell Phone Android 8.0 Quad core 8MP Camera ATT Tmobile Metro - Rose Gold]]>
    </line>
    <line>
      <![CDATA[$49.00]]>
    </line>
    <line>
      <![CDATA[Walmart Family Mobile Apple iPhone 6s Plus with 32GB Prepaid Smartphone, Rose Gold]]>
    </line>
    <line>
      <![CDATA[$199.99]]>
    </line>
    <line>
      <![CDATA[TracFone Samsung J3 Orbit Prepaid]]>
    </line>
    <line>
      <![CDATA[$49.99]]>
    </line>
    <line>
      <![CDATA[Boost Mobile Motorola Moto E5 Play 16GB Prepaid Smartphone, Black]]>
    </line>
    <line>
      <![CDATA[$62.72]]>
    </line>
    <line>
      <![CDATA[Walmart Family Mobile Samsung Galaxy S9 LTE Prepaid Smartphone, Black]]>
    </line>
    <line>
      <![CDATA[$599.99]]>
    </line>
    <line>
      <![CDATA[Cricket Wireless Motorola Moto G6 Forge 16GB Prepaid Smartphone, Deep Indigo]]>
    </line>
    <line>
      <![CDATA[$99.00]]>
    </line>
    <line>
      <![CDATA[Walmart Family Mobile Samsung Galaxy S9 Plus LTE Prepaid Smartphone, Black]]>
    </line>
    <line>
      <![CDATA[$729.00]]>
    </line>
    <line>
      <![CDATA[Boost Mobile Motorola Moto G6 Play 16GB Prepaid Smartphone, Black]]>
    </line>
    <line>
      <![CDATA[$99.00]]>
    </line>
    <line>
      <![CDATA[Samsung Galaxy A70 A705M 128GB Dual SIM GSM Unlocked Android Phone W/ Triple 32MP Camera - White]]>
    </line>
    <line>
      <![CDATA[$350.00]]>
    </line>
    <line>
      <![CDATA[Walmart Family Mobile LG Rebel 3 Prepaid Smartphone]]>
    </line>
    <line>
      <![CDATA[$59.00]]>
    </line>
    <line>
      <![CDATA[Straight Talk Apple iPhone XS MAX w/64GB, Gray]]>
    </line>
    <line>
      <![CDATA[$1,099.99]]>
    </line>
    <line>
      <![CDATA[Walmart Family Mobile Samsung Galaxy J7 Crown Prepaid Smartphone]]>
    </line>
    <line>
      <![CDATA[$149.00]]>
    </line>
    <line>
      <![CDATA[AT&T PREPAID Alcatel idealXTRA 16GB Prepaid Smartphone, Black]]>
    </line>
    <line>
      <![CDATA[$39.88]]>
    </line>
    <line>
      <![CDATA[Like New Apple iPhone 8 Plus 64GB GSM Unlocked Smartphone]]>
    </line>
    <line>
      <![CDATA[$469.99]]>
    </line>
    <line>
      <![CDATA[Simple Mobile LG Rebel 4 Prepaid Smartphone]]>
    </line>
    <line>
      <![CDATA[$29.99]]>
    </line>
    <line>
      <![CDATA[Alcatel A206G - Cellular phone - 3G - GSM - TracFone]]>
    </line>
    <line>
      <![CDATA[$46.95]]>
    </line>
    <line>
      <![CDATA[Apple iPhone 6 128GB Factory GSM Unlocked Smartphone - Space Gray (Refurbished)]]>
    </line>
    <line>
      <![CDATA[$94.98]]>
    </line>
    <line>
      <![CDATA[Straight Talk Apple iPhone 7 Plus w/32GB Prepaid Phone, Black]]>
    </line>
    <line>
      <![CDATA[$399.00]]>
    </line>
    <line>
      <![CDATA[Refurbished Straight Talk Samsung Galaxy S 7 4G LTE Prepaid Smartphone]]>
    </line>
    <line>
      <![CDATA[$178.21]]>
    </line>
    <line>
      <![CDATA[Straight Talk Samsung Galaxy S9 Plus LTE Prepaid Smartphone, Black]]>
    </line>
    <line>
      <![CDATA[$729.00]]>
    </line>
    <line>
      <![CDATA[Walmart Family Mobile Samsung Galaxy J3 Orbit Prepaid Smartphone]]>
    </line>
    <line>
      <![CDATA[$84.50]]>
    </line>
    <line>
      <![CDATA[TracFone Samsung J7 Crown Prepaid Smartphone]]>
    </line>
    <line>
      <![CDATA[$69.99]]>
    </line>
    <line>
      <![CDATA[Straight Talk Apple iPhone XR w/64GB, Red]]>
    </line>
    <line>
      <![CDATA[$749.99]]>
    </line>
    <line>
      <![CDATA[Walmart Family Mobile Apple iPhone 8 64GB Prepaid Smartphone]]>
    </line>
    <line>
      <![CDATA[$599.00]]>
    </line>
    <line>
      <![CDATA[Virgin Mobile Motorola Moto E5 Play Prepaid Smartphone, Black]]>
    </line>
    <line>
      <![CDATA[$70.99]]>
    </line>
    <line>
      <![CDATA[Straight Talk Apple iPhone 7 w/32GB Prepaid Phone, Black]]>
    </line>
    <line>
      <![CDATA[$299.00]]>
    </line>
    <line>
      <![CDATA[Walmart Family Mobile LG Premier Pro Prepaid Smartphone]]>
    </line>
    <line>
      <![CDATA[$79.00]]>
    </line>
    <line>
      <![CDATA[Cricket Wireless LG Risio 3 16GB Prepaid Smartphone, Blue]]>
    </line>
    <line>
      <![CDATA[$69.99]]>
    </line>
    <line>
      <![CDATA[Walmart Family Mobile Alcatel TCL LX Prepaid Smartphone]]>
    </line>
    <line>
      <![CDATA[$39.88]]>
    </line>
    <line>
      <![CDATA[Boost Mobile Samsung Galaxy S9 64GB Prepaid Smartphone, Black]]>
    </line>
    <line>
      <![CDATA[$689.99]]>
    </line>
    <line>
      <![CDATA[Straight Talk Motorola e5 Prepaid Smartphone]]>
    </line>
    <line>
      <![CDATA[$99.00]]>
    </line>
    <line>
      <![CDATA[Virgin Mobile Samsung GS9 64GB Prepaid Smartphone, Black]]>
    </line>
    <line>
      <![CDATA[$735.45]]>
    </line>
    <line>
      <![CDATA[Total Wireless Apple iPhone 6s 32GB Prepaid Smartphone, Space Gray]]>
    </line>
    <line>
      <![CDATA[$149.99]]>
    </line>
    <line>
      <![CDATA[Walmart Family Mobile Apple iPhone 8 Plus 64GB Prepaid Smartphone]]>
    </line>
    <line>
      <![CDATA[$699.99]]>
    </line>
    <line>
      <![CDATA[Walmart Family Mobile Samsung GS 8 Prepaid Smartphone, Black]]>
    </line>
    <line>
      <![CDATA[$437.50]]>
    </line>
    <line>
      <![CDATA[Walmart Family Mobile Apple iPhone 8 Plus 64GB Prepaid Smartphone]]>
    </line>
    <line>
      <![CDATA[$699.00]]>
    </line>
    <line>
      <![CDATA[Walmart Family Mobile Samsung Sky Pro]]>
    </line>
    <line>
      <![CDATA[$78.88]]>
    </line>
    <line>
      <![CDATA[Total Wireless Samsung Galaxy S7 4G LTE Android Prepaid Smartphone]]>
    </line>
    <line>
      <![CDATA[$199.99]]>
    </line>
    <line>
      <![CDATA[Virgin Mobile LG Tribute Empire 16GB Prepaid Smartphone, Silver]]>
    </line>
    <line>
      <![CDATA[$49.00]]>
    </line>
    <line>
      <![CDATA[Total Wireless Motorola e5 Prepaid Smartphone]]>
    </line>
    <line>
      <![CDATA[$68.96]]>
    </line>
    <line>
      <![CDATA[Simple Mobile Motorola e5 Prepaid Smartphone]]>
    </line>
    <line>
      <![CDATA[$87.78]]>
    </line>
    <line>
      <![CDATA[Refurbished Apple iPhone 7 32GB, Rose Gold - Unlocked GSM]]>
    </line>
    <line>
      <![CDATA[$184.99]]>
    </line>
    <line>
      <![CDATA[Total Wireless Apple iPhone 6s Plus 32GB]]>
    </line>
    <line>
      <![CDATA[$199.99]]>
    </line>
    <line>
      <![CDATA[Tracfone Samsung Galaxy S7 Prepaid Smartphone]]>
    </line>
    <line>
      <![CDATA[$199.99]]>
    </line>
    <line>
      <![CDATA[Boost Mobile Coolpad Legacy 32GB Prepaid Smartphone, Black]]>
    </line>
    <line>
      <![CDATA[$99.00]]>
    </line>
    <line>
      <![CDATA[Refurbished Apple iPhone 7 32GB, Rose Gold - Unlocked GSM]]>
    </line>
    <line>
      <![CDATA[$179.99]]>
    </line>
    <line>
      <![CDATA[Cricket Wireless Cricket Vision 16GB Prepaid Cell Phone, Dark Blue]]>
    </line>
    <line>
      <![CDATA[$49.00]]>
    </line>
    <line>
      <![CDATA[Tracfone Apple iPhone SE with 32 GB Prepaid Smartphone, Silver]]>
    </line>
    <line>
      <![CDATA[$139.99]]>
    </line>
    <line>
      <![CDATA[TracFone Motorola E5 Prepaid Smartphone]]>
    </line>
    <line>
      <![CDATA[$79.99]]>
    </line>
    <line>
      <![CDATA[Simple Mobile LG Premier Pro 4G LTE Prepaid Smartphone]]>
    </line>
    <line>
      <![CDATA[$47.00]]>
    </line>
    <line>
      <![CDATA[Straight Talk Samsung Galaxy S10+ Prepaid Smartphone]]>
    </line>
    <line>
      <![CDATA[$999.00]]>
    </line>
    <line>
      <![CDATA[Moto G7 - 64GB - Unlocked - Black]]>
    </line>
    <line>
      <![CDATA[$299.99]]>
    </line>
    <line>
      <![CDATA[Straight Talk Samsung Galaxy S10 Prepaid Smartphone]]>
    </line>
    <line>
      <![CDATA[$899.00]]>
    </line>
    <line>
      <![CDATA[TracFone Motorola G6 XT Prepaid Smartphone]]>
    </line>
    <line>
      <![CDATA[$119.99]]>
    </line>
    <line>
      <![CDATA[GreatCall Jitterbug Smart2 No-Contract Easy-to-Use 5.5 Smartphone for Seniors]]>
    </line>
    <line>
      <![CDATA[$99.00]]>
    </line>
    <line>
      <![CDATA[Straight Talk Apple iPhone 8 w/64GB Prepaid Phone]]>
    </line>
    <line>
      <![CDATA[$599.00]]>
    </line>
    <line>
      <![CDATA[Net10 Apple iPhone 6s 32GB Prepaid Smartphone, Rose Gold]]>
    </line>
    <line>
      <![CDATA[$149.99]]>
    </line>
    <line>
      <![CDATA[Cricket Wireless Wave 16GB Prepaid Smartphone, Blue]]>
    </line>
    <line>
      <![CDATA[$49.00]]>
    </line>
    <line>
      <![CDATA[Straight Talk Apple iPhone 8 Plus with 64GB Prepaid Smartphone]]>
    </line>
    <line>
      <![CDATA[$699.00]]>
    </line>
    <line>
      <![CDATA[Refurbished Apple iPhone 7 32GB - Unlocked GSM]]>
    </line>
    <line>
      <![CDATA[$179.99]]>
    </line>
    <line>
      <![CDATA[Samsung Galaxy Note10 256GB (Unlocked), Black]]>
    </line>
    <line>
      <![CDATA[$949.99]]>
    </line>
    <line>
      <![CDATA[TracFone LG Fiesta Prepaid Smartphone]]>
    </line>
    <line>
      <![CDATA[$75.00]]>
    </line>
    <line>
      <![CDATA[Straight Talk Apple iPhone XS w/64GB]]>
    </line>
    <line>
      <![CDATA[$999.99]]>
    </line>
    <line>
      <![CDATA[Verizon Wireless Apple iPhone 6s 32GB Prepaid, Space Gray]]>
    </line>
    <line>
      <![CDATA[$249.00]]>
    </line>
    <line>
      <![CDATA[Refurbished iPhone 6s Space Gray GSM UNLOCKED 64GB]]>
    </line>
    <line>
      <![CDATA[$149.84]]>
    </line>
    <line>
      <![CDATA[Refurbished Apple iPhone 7 128GB - Unlocked GSM]]>
    </line>
    <line>
      <![CDATA[$214.89]]>
    </line>
    <line>
      <![CDATA[Seller Refurbished Apple iPhone 7 Plus 32GB Unlocked GSM Smartphone Multi Colors (Jet Black)]]>
    </line>
    <line>
      <![CDATA[$298.00]]>
    </line>
    <line>
      <![CDATA[Nokia 7.1 TA-1085 64GB Unlocked GSM + Verizon Android One Phone - Blue]]>
    </line>
    <line>
      <![CDATA[$279.99]]>
    </line>
    <line>
      <![CDATA[Refurbished Apple iPhone X 64GB - Unlocked GSM]]>
    </line>
    <line>
      <![CDATA[$559.99]]>
    </line>
    <line>
      <![CDATA[Google Pixel 3a]]>
    </line>
    <line>
      <![CDATA[$399.00]]>
    </line>
    <line>
      <![CDATA[Walmart Family Mobile Apple iPhone 8 Plus 64GB Prepaid Smartphone]]>
    </line>
    <line>
      <![CDATA[$699.00]]>
    </line>
    <line>
      <![CDATA[Boost Mobile ANS Wiko Ride 16 GB Prepaid Smartphone, Black]]>
    </line>
    <line>
      <![CDATA[$39.88]]>
    </line>
    <line>
      <![CDATA[Simple Mobile Alcatel Raven Prepaid Smartphone]]>
    </line>
    <line>
      <![CDATA[$29.88]]>
    </line>
    <line>
      <![CDATA[Total Wireless LG Rebel 4 Prepaid Smartphone]]>
    </line>
    <line>
      <![CDATA[$39.99]]>
    </line>
    <line>
      <![CDATA[Apple iPhone 6S Plus 64GB - GSM Unlocked Smartphone - Rose Gold (Refurbished)]]>
    </line>
    <line>
      <![CDATA[$187.89]]>
    </line>
    <line>
      <![CDATA[TracFone LG Premier Pro 4G LTE Prepaid Smartphone]]>
    </line>
    <line>
      <![CDATA[$79.20]]>
    </line>
    <line>
      <![CDATA[Apple iPhone 6s Plus 128GB Unlocked GSM 4G LTE 12MP Cell Phone - Gold (Refurbished)]]>
    </line>
    <line>
      <![CDATA[$289.99]]>
    </line>
    <line>
      <![CDATA[Apple iPhone 6 Plus 16GB Unlocked GSM Phone w/ 8MP Camera - Gold (Used)]]>
    </line>
    <line>
      <![CDATA[$137.02]]>
    </line>
    <line>
      <![CDATA[Walmart Family Mobile Samsung Galaxy S10+ Prepaid Smartphone]]>
    </line>
    <line>
      <![CDATA[$999.00]]>
    </line>
    <line>
      <![CDATA[Refurbished Apple iPhone 6 16GB, Space Gray - Unlocked GSM]]>
    </line>
    <line>
      <![CDATA[$94.99]]>
    </line>
    <line>
      <![CDATA[Moto G7 Play - 32GB - Unlocked - Deep Indigo]]>
    </line>
    <line>
      <![CDATA[$248.20]]>
    </line>
    <line>
      <![CDATA[Samsung Galaxy S7 Edge SM-G935T 32GB T-Mobile -Very Good -Refurbished]]>
    </line>
    <line>
      <![CDATA[$143.54]]>
    </line>
    <line>
      <![CDATA[Straight Talk Prepaid Apple iPhone 6 32GB, Space Gray]]>
    </line>
    <line>
      <![CDATA[$149.00]]>
    </line>
    <line>
      <![CDATA[Straight Talk LG Rebel 4 Prepaid Smartphone (Limit 2) Sales of Prepaid Phones are restricted to no more than (2) devices per customer within a 21-day period (across Brands)]]>
    </line>
    <line>
      <![CDATA[$79.99]]>
    </line>
    <line>
      <![CDATA[AT&T PREPAID Samsung Galaxy Express Prime 2 16GB Prepaid Smartphone, Black]]>
    </line>
    <line>
      <![CDATA[$79.00]]>
    </line>
    <line>
      <![CDATA[Samsung Galaxy S10+ Factory Unlocked with 128GB (U.S. Warranty), Prism Black]]>
    </line>
    <line>
      <![CDATA[$999.99]]>
    </line>
    <line>
      <![CDATA[Samsung Galaxy S10 Factory Unlocked with 128GB (U.S. Warranty), Prism Black]]>
    </line>
    <line>
      <![CDATA[$899.99]]>
    </line>
    <line>
      <![CDATA[Samsung Galaxy S10e Factory Unlocked with 128GB (U.S. Warranty), Prism Black]]>
    </line>
    <line>
      <![CDATA[$649.99]]>
    </line>
    <line>
      <![CDATA[Refurbished Apple iPhone 6s 64GB, Silver - Unlocked GSM]]>
    </line>
    <line>
      <![CDATA[$149.94]]>
    </line>
    <line>
      <![CDATA[Boost Mobile Samsung GS8 64GB Prepaid Smartphone, Black]]>
    </line>
    <line>
      <![CDATA[$515.00]]>
    </line>
    <line>
      <![CDATA[Apple iPhone 7 128GB Unlocked GSM Quad-Core Phone w/ 12MP Camera - Black (Used)]]>
    </line>
    <line>
      <![CDATA[$192.99]]>
    </line>
    <line>
      <![CDATA[US Cellular Samsung J7 Aura 16GB Prepaid Smartphone, Black]]>
    </line>
    <line>
      <![CDATA[$129.00]]>
    </line>
    <line>
      <![CDATA[Walmart Family Mobile Apple iPhone XS MAX w/64GB, Silver]]>
    </line>
    <line>
      <![CDATA[$1,099.99]]>
    </line>
    <line>
      <![CDATA[Refurbished Apple iPhone X 256GB, Space Gray - Unlocked LTE]]>
    </line>
    <line>
      <![CDATA[$629.99]]>
    </line>
    <line>
      <![CDATA[Motorola G7 XT1962 Unlocked GSM Android Phone w/ Dual 12MP Camera - Clear White]]>
    </line>
    <line>
      <![CDATA[$217.95]]>
    </line>
    <line>
      <![CDATA[Motorola Moto G6 Play 32GB Unlocked Smartphone Deep Indigo]]>
    </line>
    <line>
      <![CDATA[$179.99]]>
    </line>
    <line>
      <![CDATA[Total Wireless Alcatel MyFlip Prepaid Phone]]>
    </line>
    <line>
      <![CDATA[$16.16]]>
    </line>
    <line>
      <![CDATA[Refurbished Apple iPhone 7 128GB, Jet Black - Unlocked GSM]]>
    </line>
    <line>
      <![CDATA[$239.99]]>
    </line>
    <line>
      <![CDATA[Like New  Apple iPhone 7 Plus 128GB GSM Unlocked Smartphone]]>
    </line>
    <line>
      <![CDATA[$364.99]]>
    </line>
    <line>
      <![CDATA[Jethro [SC318] 3G Unlocked Senior & Kids Cell Phone, FCC/IC Certified, SOS Emergency Button, 1.77" Vivid LCD with Large Keypad]]>
    </line>
    <line>
      <![CDATA[$39.99]]>
    </line>
    <line>
      <![CDATA[AT&T PREPAID iPhone 7 Plus 32GB + $50 Airtime Bundle (Includes $50 account credit upon activation)]]>
    </line>
    <line>
      <![CDATA[$399.00]]>
    </line>
    <line>
      <![CDATA[Tracfone LG Rebel 3 Prepaid Smartphone]]>
    </line>
    <line>
      <![CDATA[$53.50]]>
    </line>
    <line>
      <![CDATA[Cricket Wireless Samsung Amp Prime 3]]>
    </line>
    <line>
      <![CDATA[$79.00]]>
    </line>
    <line>
      <![CDATA[Refurbished Apple iPhone X 64GB, Space Gray - Unlocked LTE]]>
    </line>
    <line>
      <![CDATA[$610.00]]>
    </line>
    <line>
      <![CDATA[Total Wireless LG Premier Pro Prepaid Smartphone]]>
    </line>
    <line>
      <![CDATA[$79.20]]>
    </line>
    <line>
      <![CDATA[Simple Mobile Apple iPhone X with 64GB Prepaid Smartphone, Gray]]>
    </line>
    <line>
      <![CDATA[$824.00]]>
    </line>
    <line>
      <![CDATA[Simple Mobile Apple iPhone 7 with 32GB 4G LTE Prepaid, Black]]>
    </line>
    <line>
      <![CDATA[$299.99]]>
    </line>
    <line>
      <![CDATA[TracFone LG Rebel 2 8 GB Prepaid Smartphone, Black]]>
    </line>
    <line>
      <![CDATA[$47.94]]>
    </line>
    <line>
      <![CDATA[TracFone Alcatel MyFlip Prepaid Phone]]>
    </line>
    <line>
      <![CDATA[$14.99]]>
    </line>
    <line>
      <![CDATA[Simple Mobile Apple iPhone SE 32GB 4G LTE Prepaid, Silver (Limit 2)]]>
    </line>
    <line>
      <![CDATA[$139.99]]>
    </line>
    <line>
      <![CDATA[WMT Family Mobile iPhone SE 32GB, Silver]]>
    </line>
    <line>
      <![CDATA[$137.99]]>
    </line>
    <line>
      <![CDATA[Boost Mobile Coolpad Legacy GO 8 GB Prepaid Smartphone, Black]]>
    </line>
    <line>
      <![CDATA[$34.88]]>
    </line>
    <line>
      <![CDATA[Walmart Family Mobile Samsung Galaxy S10e Prepaid Smartphone]]>
    </line>
    <line>
      <![CDATA[$749.00]]>
    </line>
    <line>
      <![CDATA[Apple iPhone 8 Fully Unlocked 64gb Gold (Certified Refurbished, Good Condition)]]>
    </line>
    <line>
      <![CDATA[$331.90]]>
    </line>
    <line>
      <![CDATA[Refurbished Apple iPhone X 256GB - Unlocked GSM]]>
    </line>
    <line>
      <![CDATA[$619.99]]>
    </line>
    <line>
      <![CDATA[Walmart Family Mobile LG Fiesta 2 Prepaid Smartphone]]>
    </line>
    <line>
      <![CDATA[$99.99]]>
    </line>
    <line>
      <![CDATA[Simple Mobile Samsung Galaxy S9 Plus LTE Prepaid Smartphone, Black]]>
    </line>
    <line>
      <![CDATA[$510.85]]>
    </line>
    <line>
      <![CDATA[Straight Talk Galaxy S7 32GB Gear Watch Bundle with $45 Service plan]]>
    </line>
    <line>
      <![CDATA[$299.00]]>
    </line>
    <line>
      <![CDATA[ASUS ZenFone 5 V A006 V520KL 32GB Black Verizon Unlocked Smartphone Cell Phone - Excellent]]>
    </line>
    <line>
      <![CDATA[$89.99]]>
    </line>
    <line>
      <![CDATA[Total Wireless Samsung Galaxy S9 LTE Prepaid Smartphone, Black]]>
    </line>
    <line>
      <![CDATA[$599.99]]>
    </line>
    <line>
      <![CDATA[Motorola RAZR V3m - Dark Gray (Verizon) Cellular Phone manufacture refurbished]]>
    </line>
    <line>
      <![CDATA[$63.29]]>
    </line>
    <line>
      <![CDATA[Snapfon ezTWO 3G Unlocked GSM Senior Cell Phone, SOS Button, Hearing Aid Compatible]]>
    </line>
    <line>
      <![CDATA[$89.99]]>
    </line>
    <line>
      <![CDATA[Refurbished Apple iPhone 7 Plus 128GB - Unlocked GSM]]>
    </line>
    <line>
      <![CDATA[$329.99]]>
    </line>
    <line>
      <![CDATA[AT&T PREPAID iPhone 6s 32GB Prepaid Smartphone, Space Gray w/ $45 airtime included]]>
    </line>
    <line>
      <![CDATA[$244.00]]>
    </line>
    <line>
      <![CDATA[Apple iPhone 5s 16GB Factory Unlocked AT&T T-Mobile - Silver (Refurbished)]]>
    </line>
    <line>
      <![CDATA[$77.97]]>
    </line>
    <line>
      <![CDATA[Samsung Galaxy A50 A505G 64GB Duos GSM Unlocked Phone w/triple 25MP Camera - White]]>
    </line>
    <line>
      <![CDATA[$243.99]]>
    </line>
    <line>
      <![CDATA[Cricket Wireless Coolpad Canvas 16GB Prepaid Smartphone, Black]]>
    </line>
    <line>
      <![CDATA[$44.99]]>
    </line>
    <line>
      <![CDATA[Apple iPhone 6 Plus 64GB Unlocked GSM Phone w/ 8MP Camera - Space Gray]]>
    </line>
    <line>
      <![CDATA[$798.00]]>
    </line>
    <line>
      <![CDATA[name]]>
    </line>
    <line>
      <![CDATA[$146.74]]>
    </line>
    <line>
      <![CDATA[Unlocked Smart Cell Phone Plum Compass 2 - 4G GSM Smart Phone Android 8.0 Quad Core Dual Camera ATT Tmobile Metro - Gold]]>
    </line>
    <line>
      <![CDATA[$49.00]]>
    </line>
    <line>
      <![CDATA[Total Wireless Motorola g6 Prepaid Smartphone]]>
    </line>
    <line>
      <![CDATA[$99.99]]>
    </line>
    <line>
      <![CDATA[Simple Mobile Samsung Galaxy® S8 LTE Prepaid Smartphone, Black]]>
    </line>
    <line>
      <![CDATA[$437.50]]>
    </line>
    <line>
      <![CDATA[Refurbished Apple iPhone 8 Plus 256GB GSM Unlocked Phone]]>
    </line>
    <line>
      <![CDATA[$484.99]]>
    </line>
    <line>
      <![CDATA[Refurbished- Samsung Galaxy Note 8 SM-N950U 64GB Black T-Mobile -Very Good]]>
    </line>
    <line>
      <![CDATA[$324.99]]>
    </line>
    <line>
      <![CDATA[LG Stylo 4 32GB Unlocked Smartphone, Black]]>
    </line>
    <line>
      <![CDATA[$299.00]]>
    </line>
    <line>
      <![CDATA[Motorola Moto G6 with 32GB Memory Cell Phone (Unlocked) - Black xt1925 Certified Refb.]]>
    </line>
    <line>
      <![CDATA[$156.98]]>
    </line>
    <line>
      <![CDATA[Simple Mobile Samsung Galaxy S10 Prepaid Smartphone]]>
    </line>
    <line>
      <![CDATA[$899.00]]>
    </line>
    <line>
      <![CDATA[Simple Mobile Samsung Note 8 Prepaid Smartphone(Extra $200 OFF when you Buy Together & Save)]]>
    </line>
    <line>
      <![CDATA[$849.99]]>
    </line>
    <line>
      <![CDATA[UMIDIGI Z2 6.2" FullView Display?19:9 Ratio?- 64GB ROM+6GB RAM Unlocked Cell Phone - Dual Sim 4G Volte Unlocked Smartphone -16MP+8MP Dual Camera - 3850mAh Battery -Android 8.1 Phone (Twilight Black)]]>
    </line>
    <line>
      <![CDATA[$285.82]]>
    </line>
    <line>
      <![CDATA[Straight Talk Alcatel TCL LX Prepaid Smartphone]]>
    </line>
    <line>
      <![CDATA[$39.88]]>
    </line>
    <line>
      <![CDATA[[SC318v2] 3G Unlocked Senior & Kids Cell Phone, FCC/IC Certified, SOS Emergency Button, 1.77" Vivid LCD with Large Keypad [Red] [New Firmware]]]>
    </line>
    <line>
      <![CDATA[$39.99]]>
    </line>
    <line>
      <![CDATA[Refurbished Apple iPhone 7 Plus 128GB, Jet BLack - Unlocked GSM]]>
    </line>
    <line>
      <![CDATA[$249.99]]>
    </line>
    <line>
      <![CDATA[Virgin Mobile Coolpad Legacy GO]]>
    </line>
    <line>
      <![CDATA[$34.88]]>
    </line>
    <line>
      <![CDATA[Refurbished HTC PN07120 One (M7) 4G with 32GB Memory Cell Phone - Silver (AT&T)]]>
    </line>
    <line>
      <![CDATA[$124.23]]>
    </line>
    <line>
      <![CDATA[Apple iPhone 6s 16GB Unlocked GSM 4G LTE Dual-Core Phone w/ 12MP Camera - Space Gray (Certified Refurbished)]]>
    </line>
    <line>
      <![CDATA[$124.99]]>
    </line>
    <line>
      <![CDATA[Plum Ram 6 - Rugged Unlocked Cell Phone GSM IP68 Military Grade Water Shock Proof Tmobile MetroPCS Lyca ORG]]>
    </line>
    <line>
      <![CDATA[$39.00]]>
    </line>
    <line>
      <![CDATA[Apple iPhone 7 Plus 32GB Unlocked GSM 4G LTE Quad-Core Smartphone w/ Dual 12MP Camera - Silver (Certified Refurbished)]]>
    </line>
    <line>
      <![CDATA[$329.99]]>
    </line>
    <line>
      <![CDATA[Simple Mobile Samsung S337 Luna Pro 16GB Prepaid Smartphone, Black]]>
    </line>
    <line>
      <![CDATA[$59.99]]>
    </line>
    <line>
      <![CDATA[Honor 8X, 64 GB/4 GB RAM Full View 6.5” FHD+ Hisilicon Kirin 710, Black - Factory Unlocked]]>
    </line>
    <line>
      <![CDATA[$184.99]]>
    </line>
    <line>
      <![CDATA[iPhone 6 16GB 32GB 64GB 128GB Verizon Unlocked Gold Gray Silver Great Condition]]>
    </line>
    <line>
      <![CDATA[$114.96]]>
    </line>
    <line>
      <![CDATA[Refurbished Apple iPhone 8 Plus 64GB, Gold - Unlocked LTE]]>
    </line>
    <line>
      <![CDATA[$454.99]]>
    </line>
    <line>
      <![CDATA[Seller Refurbished Apple iPhone 6 Plus 64GB Unlocked GSM iOS Smartphone Black Silver Gold (Space Gray/Black)]]>
    </line>
    <line>
      <![CDATA[$189.95]]>
    </line>
    <line>
      <![CDATA[Refurbished Apple iPhone 6s 16GB, Silver - Unlocked GSM]]>
    </line>
    <line>
      <![CDATA[$118.75]]>
    </line>
    <line>
      <![CDATA[Apple iPhone 7 32GB 128GB 256GB GSM Unlocked (Refurbished)]]>
    </line>
    <line>
      <![CDATA[$200.64]]>
    </line>
    <line>
      <![CDATA[Straight Talk LG Premier Pro Prepaid Smartphone]]>
    </line>
    <line>
      <![CDATA[$89.99]]>
    </line>
    <line>
      <![CDATA[Indigi® NEW 6.3in 4G Unlocked Android 9.1 Pie Smartphone Cell Phone GPS WiFi AT&T StraightTalk]]>
    </line>
    <line>
      <![CDATA[$129.99]]>
    </line>
    <line>
      <![CDATA[Walmart Family Mobile Samsung GS 8+ Prepaid Smartphone, Black]]>
    </line>
    <line>
      <![CDATA[$689.99]]>
    </line>
    <line>
      <![CDATA[Google Pixel 2 XL 64gb Verizon Smartphone, Black]]>
    </line>
    <line>
      <![CDATA[$861.00]]>
    </line>
    <line>
      <![CDATA[Google Pixel 2 64GB Verizon Smartphone, Black]]>
    </line>
    <line>
      <![CDATA[$460.00]]>
    </line>
    <line>
      <![CDATA[Refurbished Apple iPhone 8 256GB, Space Gray - Unlocked LTE]]>
    </line>
    <line>
      <![CDATA[$419.99]]>
    </line>
    <line>
      <![CDATA[Verizon Wireless Google Pixel 3 64GB Smartphone, Just Black]]>
    </line>
    <line>
      <![CDATA[$812.35]]>
    </line>
    <line>
      <![CDATA[BLU Energy X Plus 2 E150q 5.5" Cell Phone GSM 3G 8GB Unlocked Android Rose Gold]]>
    </line>
    <line>
      <![CDATA[$72.94]]>
    </line>
    <line>
      <![CDATA[Motorola RAZR V3m - Black (Verizon) Cellular Phone manufacture refurbished]]>
    </line>
    <line>
      <![CDATA[$67.23]]>
    </line>
    <line>
      <![CDATA[Apple iPhone 7 Plus 128GB Unlocked GSM Quad-Core Phone w/ Dual Rear 12MP Camera - Gold (Certified Refurbished)]]>
    </line>
    <line>
      <![CDATA[$309.99]]>
    </line>
    <line>
      <![CDATA[Google Pixel 3 64GB Verizon Smartphone, Clearly White]]>
    </line>
    <line>
      <![CDATA[$812.35]]>
    </line>
    <line>
      <![CDATA[Apple iPhone 6s a1688 16GB GSM Unlocked  (Refurbished)]]>
    </line>
    <line>
      <![CDATA[$124.89]]>
    </line>
    <line>
      <![CDATA[Nokia 6 TA-1025 32GB Unlocked GSM Android Phone w/ 16MP Camera - Black]]>
    </line>
    <line>
      <![CDATA[$201.55]]>
    </line>
    <line>
      <![CDATA[nokia 1616 t-mobile dark blue prepaid cellular phone]]>
    </line>
    <line>
      <![CDATA[$93.35]]>
    </line>
    <line>
      <![CDATA[Refurbished- Samsung Galaxy S8 SM-G950U 64GB T-Mobile- Excellent]]>
    </line>
    <line>
      <![CDATA[$198.92]]>
    </line>
    <line>
      <![CDATA[New Motorola Moto G6 32GB XT1925-2 Dual SIM Factory Unlocked 4G LTE 5.7" IPS LCD Smartphone Dual 12MP Smartphone - Deep Indigo - International Version]]>
    </line>
    <line>
      <![CDATA[$131.50]]>
    </line>
    <line>
      <![CDATA[New Blade Spark 16GB Z971 GSM Unlocked 5.5" Display 2GB RAM 13MP Camera Phone by ZTE  - Dark Gray - USA Warranty]]>
    </line>
    <line>
      <![CDATA[$76.95]]>
    </line>
    <line>
      <![CDATA[Walmart Family Mobile Apple iPhone XR w/64GB, Black]]>
    </line>
    <line>
      <![CDATA[$749.99]]>
    </line>
    <line>
      <![CDATA[Plum Optimax 11 - Tablet + Phone Phablet 8" Display 16GB Memory 4G GSM Unlocked Android ATT Tmobile MetroPCS Cricket Simple Mobile  Rose Gold]]>
    </line>
    <line>
      <![CDATA[$79.00]]>
    </line>
    <line>
      <![CDATA[Unlocked Phone 4G GSM 5" Display Dual Camera Android 8.0 Quad Core ATT Tmobile Metro Cricket Straight Talk Simple Mobile Etc- Black]]>
    </line>
    <line>
      <![CDATA[$49.00]]>
    </line>
    <line>
      <![CDATA[Straight Talk Samsung Galaxy On5 4G LTE Prepaid Smartphone with 30-day $45 Service Plan, Reconditioned]]>
    </line>
    <line>
      <![CDATA[$58.62]]>
    </line>
    <line>
      <![CDATA[Samsung Galaxy S8 Plus SM-G955U 64GB T-Mobile -Very Good -Refurbished]]>
    </line>
    <line>
      <![CDATA[$225.72]]>
    </line>
    <line>
      <![CDATA[Apple iPhone 7, GSM Unlocked 4G LTE- Black, 32GB (Certified Refurbished)]]>
    </line>
    <line>
      <![CDATA[$199.90]]>
    </line>
    <line>
      <![CDATA[Simple Mobile Samsung Note 9 Prepaid Smartphone]]>
    </line>
    <line>
      <![CDATA[$949.99]]>
    </line>
    <line>
      <![CDATA[Motorola Moto E5 Play Unlocked Smartphone Black]]>
    </line>
    <line>
      <![CDATA[$99.99]]>
    </line>
    <line>
      <![CDATA[Simple Mobile Motorola XT1925DL Prepaid Smartphone]]>
    </line>
    <line>
      <![CDATA[$99.99]]>
    </line>
    <line>
      <![CDATA[ASUS ZenFone V 32GB Black Sapphire GSM Unlocked Smart phone 5.2" Cell Phone - Refurbished]]>
    </line>
    <line>
      <![CDATA[$109.99]]>
    </line>
    <line>
      <![CDATA[Refurbished Apple iPhone 6 Plus 64GB, Space Gray - Unlocked GSM]]>
    </line>
    <line>
      <![CDATA[$179.97]]>
    </line>
    <line>
      <![CDATA[Apple iPhone 6 64GB Unlocked GSM Phone w/ 8MP Camera - Gold]]>
    </line>
    <line>
      <![CDATA[$114.99]]>
    </line>
    <line>
      <![CDATA[Seller Refurbished Apple iPhone 7 256GB Unlocked GSM Phone Multi Colors (Jet Black)]]>
    </line>
    <line>
      <![CDATA[$224.79]]>
    </line>
    <line>
      <![CDATA[Jethro [SC435] 3G Unlocked Classic Slider-Style Senior & Kids Cell Phone, FCC/IC Certified, SOS Emergency Button, 2.8" Large LCD with Large Keypad]]>
    </line>
    <line>
      <![CDATA[$62.99]]>
    </line>
    <line>
      <![CDATA[Verizon Wireless Freetel eTalk Prepaid Flip Phone]]>
    </line>
    <line>
      <![CDATA[$19.88]]>
    </line>
    <line>
      <![CDATA[Kyocera DuraXV E4520 PTT Push To Talk - Black (Verizon) Cellular Phone Certified Refurbished]]>
    </line>
    <line>
      <![CDATA[$74.98]]>
    </line>
    <line>
      <![CDATA[Apple iPhone 6S 32gb Space Gray - Fully Unlocked (Certified Refurbished, Good Condition)]]>
    </line>
    <line>
      <![CDATA[$117.00]]>
    </line>
    <line>
      <![CDATA[Kyocera DuraXV E4520 PTT Push To Talk - Black (Verizon) Cellular Phone Certified Refurbished]]>
    </line>
    <line>
      <![CDATA[$74.98]]>
    </line>
    <line>
      <![CDATA[BLU Vivo XI+ V0311WW 128GB Unlocked GSM Single-SIM Android Phone w/ Dual: 16MP Camera - Silver]]>
    </line>
    <line>
      <![CDATA[$219.95]]>
    </line>
    <line>
      <![CDATA[Samsung Galaxy S6 G920V 32GB Verizon 4G LTE Octa-Core Phone w/ 16MP Camera - Gold (Refurbished)]]>
    </line>
    <line>
      <![CDATA[$125.00]]>
    </line>
    <line>
      <![CDATA[Google Pixel 3 64GB Verizon Smartphone, Not Pink]]>
    </line>
    <line>
      <![CDATA[$812.35]]>
    </line>
    <line>
      <![CDATA[iPhone 5s 16GB Space Gray (Unlocked) Refurbished Grade B]]>
    </line>
    <line>
      <![CDATA[$77.96]]>
    </line>
    <line>
      <![CDATA[Walmart Family Mobile Apple iPhone XR w/64GB, Red]]>
    </line>
    <line>
      <![CDATA[$749.99]]>
    </line>
    <line>
      <![CDATA[Refurbished Apple iPhone 6 Plus 16GB, Silver - Unlocked GSM]]>
    </line>
    <line>
      <![CDATA[$149.89]]>
    </line>
    <line>
      <![CDATA[Samsung Galaxy S9 Plus, Purple (Verizon)]]>
    </line>
    <line>
      <![CDATA[No Price]]>
    </line>
    <line>
      <![CDATA[Apple iPhone 5 16GB Factory Unlocked GSM Cell Phone - White (Refurbished)]]>
    </line>
    <line>
      <![CDATA[$109.99]]>
    </line>
    <line>
      <![CDATA[Samsung Galaxy S9+ G9650 64GB Unlocked GSM 4G LTE Phone w/ Dual 12MP Camera - Titanium Gray (International Version)]]>
    </line>
    <line>
      <![CDATA[$579.00]]>
    </line>
    <line>
      <![CDATA[Total Wireless Samsung Galaxy S9 Plus LTE Prepaid Smartphone, Black]]>
    </line>
    <line>
      <![CDATA[$719.99]]>
    </line>
    <line>
      <![CDATA[Seller Refurbished Apple iPhone 6S Plus 16GB Unlocked GSM iOS Smartphone Multi Colors (Rose Gold/White)]]>
    </line>
    <line>
      <![CDATA[$179.99]]>
    </line>
    <line>
      <![CDATA[Used (Good Condition) Apple iPhone 7 Plus 256GB Unlocked GSM Smartphone Multi Colors (Jet Black)]]>
    </line>
    <line>
      <![CDATA[$339.99]]>
    </line>
    <line>
      <![CDATA[Apple iPhone X a1901 64GB GSM Unlocked (Refurbished)]]>
    </line>
    <line>
      <![CDATA[$619.95]]>
    </line>
    <line>
      <![CDATA[Refurbished Apple iPhone 8 64GB, Space Gray - Unlocked LTE]]>
    </line>
    <line>
      <![CDATA[$369.95]]>
    </line>
    <line>
      <![CDATA[Samsung Hanset Samsung Galaxy Note 8 - 6.3" S SM-N950UZKASPR Super Amolded 64GB Sprint Prepaid Phone, Orchid Grey]]>
    </line>
    <line>
      <![CDATA[No Price]]>
    </line>
    <line>
      <![CDATA[Refurbished Samsung SMG930VZKA Galaxy S7 LTE Verizon Wireless Black 32GB Cell Phone]]>
    </line>
    <line>
      <![CDATA[$149.99]]>
    </line>
    <line>
      <![CDATA[Refurbished Apple iPhone 7 Plus 256GB, Silver - Unlocked GSM]]>
    </line>
    <line>
      <![CDATA[$340.00]]>
    </line>
    <line>
      <![CDATA[Samsung Galaxy A30 A305G 64GB Duos GSM Unlocked Phone w/dual 16MP Camera - Black]]>
    </line>
    <line>
      <![CDATA[$209.00]]>
    </line>
    <line>
      <![CDATA[AT&T PREPAID LG Phoenix 3 16GB Prepaid Smartphone, Black]]>
    </line>
    <line>
      <![CDATA[$39.99]]>
    </line>
    <line>
      <![CDATA[Like New  Apple iPhone 8 64GB GSM Unlocked Smartphone]]>
    </line>
    <line>
      <![CDATA[$369.89]]>
    </line>
    <line>
      <![CDATA[BlackBerry KEYone BBB100-7 64GB Unlocked GSM Dual-SIM Phone w/ 12MP Camera - Black]]>
    </line>
    <line>
      <![CDATA[$269.95]]>
    </line>
    <line>
      <![CDATA[Apple iPhone 6s Plus 64GB Unlocked GSM 4G LTE Dual-Core Phone w/ 12MP Camera - Space Gray (Used)]]>
    </line>
    <line>
      <![CDATA[$209.95]]>
    </line>
    <line>
      <![CDATA[Refurbished Apple iPhone 7 Plus Unlocked Phone 128 GB - US Version (Black)]]>
    </line>
    <line>
      <![CDATA[$329.00]]>
    </line>
    <line>
      <![CDATA[BLU Joy J010 Unlocked GSM Senior Friendly Phone - Red]]>
    </line>
    <line>
      <![CDATA[$27.99]]>
    </line>
    <line>
      <![CDATA[Straight Talk Samsung Galaxy S8 Plus 64GB Prepaid Smartphone, Gray]]>
    </line>
    <line>
      <![CDATA[$599.99]]>
    </line>
    <line>
      <![CDATA[Apple iPhone 6s Plus 16GB Unlocked GSM 4G LTE Dual-Core Phone w/ 12 MP Camera - Rose Gold (Used)]]>
    </line>
    <line>
      <![CDATA[$195.05]]>
    </line>
    <line>
      <![CDATA[Apple iPhone 6s Plus 16GB Unlocked GSM 4G LTE Dual-Core Phone w/ 12 MP Camera - Gold (Used)]]>
    </line>
    <line>
      <![CDATA[$184.89]]>
    </line>
    <line>
      <![CDATA[Refurbished Google Pixel 32GB Really Blue (Unlocked Verizon AT&T T-Mobile) Pure Android Smartphone]]>
    </line>
    <line>
      <![CDATA[$79.99]]>
    </line>
    <line>
      <![CDATA[Total Wireless Prepaid Apple iPhone 7 Plus 32GB, Jet Black]]>
    </line>
    <line>
      <![CDATA[$399.99]]>
    </line>
    <line>
      <![CDATA[Refurbished- Samsung Galaxy S8 SM-G950U 64GB T-Mobile- Very Good]]>
    </line>
    <line>
      <![CDATA[$198.92]]>
    </line>
    <line>
      <![CDATA[Refurbished Apple iPhone 6s 64GB, Space Gray - Unlocked GSM]]>
    </line>
    <line>
      <![CDATA[$149.18]]>
    </line>
    <line>
      <![CDATA[New Pixel 2 XL 128GB  GSM + CDMA  Verizon 4G LTE 6" P-OLED Display 4GB RAM 12.2MP Camera Phone by Google - Just Black - USA Version]]>
    </line>
    <line>
      <![CDATA[$414.23]]>
    </line>
    <line>
      <![CDATA[Blackberry Q10 SQN100-4 16GB Sprint OS 10 Cell Phone - Black (Refurbished)]]>
    </line>
    <line>
      <![CDATA[$64.99]]>
    </line>
    <line>
      <![CDATA[Walmart Family Mobile Apple iPhone XR w/64GB, Yellow]]>
    </line>
    <line>
      <![CDATA[$749.99]]>
    </line>
    <line>
      <![CDATA[Refurbished Apple iPhone 8 Plus 64GB, Silver - Unlocked GSM]]>
    </line>
    <line>
      <![CDATA[$444.79]]>
    </line>
    <line>
      <![CDATA[Refurbished Apple iPhone 6 16GB, Space Gray - Unlocked GSM]]>
    </line>
    <line>
      <![CDATA[$94.99]]>
    </line>
    <line>
      <![CDATA[Motorola One XT1941-3 64B Unlocked GSM Dual-SIM Phone w/ Dual 13 Megapixel Camera - Black]]>
    </line>
    <line>
      <![CDATA[$169.99]]>
    </line>
    <line>
      <![CDATA[Plum Optimax 11 - Tablet + Phone Phablet 8" Display 16GB Memory 4G GSM Unlocked Android ATT Tmobile MetroPCS Cricket Simple Mobile  Gold]]>
    </line>
    <line>
      <![CDATA[$79.00]]>
    </line>
    <line>
      <![CDATA[BOGO Bundle Promotion: 2 Walmart Family Mobile Galaxy J3 Luna Pro Smartphones + $74.76 2-line Plan]]>
    </line>
    <line>
      <![CDATA[$149.99]]>
    </line>
    <line>
      <![CDATA[LG K30]]>
    </line>
    <line>
      <![CDATA[$149.99]]>
    </line>
    <line>
      <![CDATA[Plum Optimax 12 - Tablet + Phone Phablet 4G GSM Unlocked 7" Display Android ATT Tmobile MetroPCS Cricket Simple Mobile – Silver]]>
    </line>
    <line>
      <![CDATA[$69.00]]>
    </line>
    <line>
      <![CDATA[Refurbished Apple iPhone 7 128GB, Black - Unlocked GSM]]>
    </line>
    <line>
      <![CDATA[$206.44]]>
    </line>
    <line>
      <![CDATA[blackberry z10 unlocked cellphone, 16gb, black]]>
    </line>
    <line>
      <![CDATA[$105.10]]>
    </line>
    <line>
      <![CDATA[Apple iPhone 6s 16GB Unlocked GSM Phone w/ 12MP Camera - Silver (Used)]]>
    </line>
    <line>
      <![CDATA[$129.30]]>
    </line>
    <line>
      <![CDATA[Samsung Galaxy S6 G920V 32GB Unlocked Verizon/GSM Phone Black Sapphire - Refurbished]]>
    </line>
    <line>
      <![CDATA[$132.01]]>
    </line>
    <line>
      <![CDATA[Motorola Moto G6 Plus XT1926-7 64GB Unlocked GSM Android Phone - Deep Indigo]]>
    </line>
    <line>
      <![CDATA[$191.05]]>
    </line>
    <line>
      <![CDATA[Apple iPhone 7 Plus, GSM Unlocked 4G LTE- Black, 32GB (Certified Refurbished)]]>
    </line>
    <line>
      <![CDATA[$314.99]]>
    </line>
    <line>
      <![CDATA[Apple iPhone 6s 16GB GSM Unlocked 12MP Cell Phone - Silver (Certified Refurbished)]]>
    </line>
    <line>
      <![CDATA[$135.96]]>
    </line>
    <line>
      <![CDATA[Motorola RAZR V3c - Cellular phone - CDMA - 176 x 220 pixels - 1.3 MP]]>
    </line>
    <line>
      <![CDATA[$62.99]]>
    </line>
    <line>
      <![CDATA[Refurbished Apple iPhone 6 16GB, Silver - Unlocked GSM]]>
    </line>
    <line>
      <![CDATA[$244.72]]>
    </line>
    <line>
      <![CDATA[Net10 Samsung J3 Orbit Prepaid Smartphone]]>
    </line>
    <line>
      <![CDATA[$44.99]]>
    </line>
    <line>
      <![CDATA[Boost Mobile Apple iPhone 6 32GB Prepaid Smartphone, Space Gray]]>
    </line>
    <line>
      <![CDATA[No Price]]>
    </line>
    <line>
      <![CDATA[New Galaxy S7 Active 32GB SM-G891A GSM Unlocked 4G LTE 5.1" Super AMOLED 4GB RAM 12MP Camera Phone - Sandy Gold]]>
    </line>
    <line>
      <![CDATA[$259.95]]>
    </line>
    <line>
      <![CDATA[BLU Tank II T193 GSM Dual-SIM Cell Phone (Unlocked)]]>
    </line>
    <line>
      <![CDATA[$21.59]]>
    </line>
    <line>
      <![CDATA[Walmart Family Mobile Apple iPhone XR w/64GB, Coral]]>
    </line>
    <line>
      <![CDATA[$749.99]]>
    </line>
    <line>
      <![CDATA[U.S. Cellular Motorola Moto E4 16GB Prepaid Smartphone, Black]]>
    </line>
    <line>
      <![CDATA[$64.99]]>
    </line>
    <line>
      <![CDATA[Motorola Moto E4 16GB Unlocked Smartphone - Licorice Black]]>
    </line>
    <line>
      <![CDATA[$74.90]]>
    </line>
    <line>
      <![CDATA[Straight Talk Samsung Galaxy J3 Luna Pro 16GB Prepaid Smartphone, Black]]>
    </line>
    <line>
      <![CDATA[$59.99]]>
    </line>
    <line>
      <![CDATA[Straight Talk Apple iPhone SE 32GB Prepaid Smartphone, Gold]]>
    </line>
    <line>
      <![CDATA[$139.00]]>
    </line>
    <line>
      <![CDATA[Apple iPhone 7 Cellphone, 32GB,Black Matte, Unlocked (Certified Refurbished)]]>
    </line>
    <line>
      <![CDATA[$204.99]]>
    </line>
    <line>
      <![CDATA[Samsung Galaxy S8+ G955U 64GB Unlocked GSM U.S. Version Phone - w/ 12MP Camera - Arctic Silver (Refurbished)]]>
    </line>
    <line>
      <![CDATA[$324.99]]>
    </line>
    <line>
      <![CDATA[Like New  Apple iPhone 7 128GB GSM Unlocked Smartphone]]>
    </line>
    <line>
      <![CDATA[$249.99]]>
    </line>
    <line>
      <![CDATA[Indigi® Unlocked Indigi 5.0inch QuadCore 4G Android 6.0 Smart Cell Phone aT&T / T-mobile]]>
    </line>
    <line>
      <![CDATA[$129.99]]>
    </line>
    <line>
      <![CDATA[Refurbished Apple iPhone 7 32GB, Black - Unlocked LTE]]>
    </line>
    <line>
      <![CDATA[$181.99]]>
    </line>
    <line>
      <![CDATA[Ascend XT2 Hauwei H1711 AT&T GSM UNLOCKED Smartphone - Silver]]>
    </line>
    <line>
      <![CDATA[$98.99]]>
    </line>
    <line>
      <![CDATA[Apple iPhone 6s 128GB AT&T Locked Phone w/ 12MP Camera - Rose Gold (Refurbished)]]>
    </line>
    <line>
      <![CDATA[$124.99]]>
    </line>
    <line>
      <![CDATA[Alcatel Idol 5S 32 GB Cell Phone Smart Smartphone, Crystal Grey (AT&T, Sprint, T-Mobile & Verizon) Unlocked]]>
    </line>
    <line>
      <![CDATA[$229.99]]>
    </line>
    <line>
      <![CDATA[Apple iPhone 6s Plus 16GB Unlocked GSM 4G LTE Dual-Core Phone w/ 12 MP Camera - Rose Gold]]>
    </line>
    <line>
      <![CDATA[$195.05]]>
    </line>
    <line>
      <![CDATA[Plum Ram 7 - 3G Rugged Cell Phone GSM Unlocked IP68 Certified ATT Tmobile MetroPCS Simple Mobile Straight Talk E700blk]]>
    </line>
    <line>
      <![CDATA[$59.00]]>
    </line>
    <line>
      <![CDATA[Apple iPhone 6s Plus 128GB Unlocked GSM 4G LTE 12MP Cell Phone - Gold (Refurbished)]]>
    </line>
    <line>
      <![CDATA[$339.99]]>
    </line>
    <line>
      <![CDATA[Net10 Alcatel Go Flip A405DL Prepaid Phone]]>
    </line>
    <line>
      <![CDATA[$27.99]]>
    </line>
    <line>
      <![CDATA[Refurbished Apple iPhone 6 Plus 16GB, Space Gray - Unlocked]]>
    </line>
    <line>
      <![CDATA[$149.98]]>
    </line>
    <line>
      <![CDATA[Samsung Galaxy Note10+ 512GB (Unlocked), Black]]>
    </line>
    <line>
      <![CDATA[$1,199.99]]>
    </line>
    <line>
      <![CDATA[Apple iPhone 7 128gb Rose Gold - Fully Unlocked (Certified Refurbished, Good Condition)]]>
    </line>
    <line>
      <![CDATA[$217.09]]>
    </line>
    <line>
      <![CDATA[GSM UNLOCKED Samsung Galaxy S7 Edge 32GB G935A AT&T SILVER refurbished]]>
    </line>
    <line>
      <![CDATA[$204.99]]>
    </line>
    <line>
      <![CDATA[Apple iPhone 7 128GB Unlocked GSM 4G LTE Quad-Core Phone w/ 12MP Camera - Black]]>
    </line>
    <line>
      <![CDATA[$234.99]]>
    </line>
    <line>
      <![CDATA[Walmart Family Mobile Apple iPhone XR w/64GB, White]]>
    </line>
    <line>
      <![CDATA[$749.99]]>
    </line>
    <line>
      <![CDATA[Straight Talk LG Stylo 3 16GB Prepaid Smartphone, Black]]>
    </line>
    <line>
      <![CDATA[$129.99]]>
    </line>
    <line>
      <![CDATA[Straight Talk Samsung Galaxy Note 9 Prepaid Smartphone]]>
    </line>
    <line>
      <![CDATA[$949.99]]>
    </line>
    <line>
      <![CDATA[Samsung Galaxy S8 Plus SM-G955U 64GB T-Mobile - Excellent -Refurbished]]>
    </line>
    <line>
      <![CDATA[$225.72]]>
    </line>
    <line>
      <![CDATA[Google Pixel XL 3a White, Factory Unlocked]]>
    </line>
    <line>
      <![CDATA[$479.00]]>
    </line>
    <line>
      <![CDATA[Total Wireless Prepaid Apple iPhone 7 32GB, Black]]>
    </line>
    <line>
      <![CDATA[$299.00]]>
    </line>
    <line>
      <![CDATA[Refurbished Apple iPhone 6 16GB, Space Gray - Locked AT&T]]>
    </line>
    <line>
      <![CDATA[$99.99]]>
    </line>
    <line>
      <![CDATA[Refurbished Motorola PA6R0000US Moto G5S Plus 4G LTE with 64GB Memory Cell Phone (Unlocked) - Blush Gold]]>
    </line>
    <line>
      <![CDATA[$176.23]]>
    </line>
    <line>
      <![CDATA[Indigi® NEW! Slim 6.3in 4G LTE Smart Cell Phone Android 9.1 Pie (Factory Unlocked)]]>
    </line>
    <line>
      <![CDATA[$129.99]]>
    </line>
    <line>
      <![CDATA[Apple iPhone 6 Plus 16GB Unlocked GSM Phone w/ 8MP Camera - Space Gray (Used)]]>
    </line>
    <line>
      <![CDATA[$149.99]]>
    </line>
    <line>
      <![CDATA[Refurbished Apple iPhone 7 Plus 256GB, Jet Black - Unlocked GSM]]>
    </line>
    <line>
      <![CDATA[$394.95]]>
    </line>
    <line>
      <![CDATA[Straight Talk iPhone 6s with Bonus $45 Airtime 30 Day PLan-- 32GB Prepaid Smartphone, Space Gray]]>
    </line>
    <line>
      <![CDATA[$299.00]]>
    </line>
    <line>
      <![CDATA[Walmart Family Mobile Apple iPhone XR w/64GB, Blue]]>
    </line>
    <line>
      <![CDATA[$749.99]]>
    </line>
    <line>
      <![CDATA[Apple iPhone 7 32GB Unlocked GSM Quad-Core Phone w/ 12MP Camera - Silver (Used)]]>
    </line>
    <line>
      <![CDATA[$192.99]]>
    </line>
    <line>
      <![CDATA[AT&T PREPAID iPhone 7 32GB + $50 Airtime Bundle (Includes $50 account credit upon activation)]]>
    </line>
    <line>
      <![CDATA[$349.00]]>
    </line>
    <line>
      <![CDATA[Straight Talk Samsung Galaxy GS10e Prepaid Smartphone, Black]]>
    </line>
    <line>
      <![CDATA[$749.00]]>
    </line>
    <line>
      <![CDATA[Samsung S7 G930 32GB Unlocked GSM Smartphone - GOLD (Certified Refurbished)]]>
    </line>
    <line>
      <![CDATA[$144.99]]>
    </line>
    <line>
      <![CDATA[Refurbished Apple iPhone 7 128GB, Gold - Unlocked GSM]]>
    </line>
    <line>
      <![CDATA[$234.99]]>
    </line>
    <line>
      <![CDATA[Indigi® 7.0" Android 4.4 DualSim TabletPC and SmartPhone w/ WiFi and Bluetooth Sync (AT&T T-Mobile Unlocked)]]>
    </line>
    <line>
      <![CDATA[$74.93]]>
    </line>
    <line>
      <![CDATA[Refurbished Apple iPhone 8 64GB, Gold - Unlocked LTE]]>
    </line>
    <line>
      <![CDATA[$361.76]]>
    </line>
    <line>
      <![CDATA[Total Wireless LG Fiesta 2 Prepaid Smartphone]]>
    </line>
    <line>
      <![CDATA[$99.99]]>
    </line>
    <line>
      <![CDATA[Straight Talk Samsung Galaxy J7 Sky Pro 16GB LTE, No Contract Prepaid SmartPhone, Black]]>
    </line>
    <line>
      <![CDATA[$174.98]]>
    </line>
    <line>
      <![CDATA[Indigi® 7-inch Unlocked 3G TabletPC & SmartPhone, Android 6.0 (Black) w/ 32gb microSD, AT&T / T-Mobile]]>
    </line>
    <line>
      <![CDATA[$99.49]]>
    </line>
    <line>
      <![CDATA[Apple iPhone 6 a1586 16GB CDMA Unlocked (Refurbished)]]>
    </line>
    <line>
      <![CDATA[$99.99]]>
    </line>
    <line>
      <![CDATA[Total Wireless Samsung Galaxy S10+ Prepaid Smartphone]]>
    </line>
    <line>
      <![CDATA[$999.99]]>
    </line>
    <line>
      <![CDATA[Motorola Moto X4 32GB Unlocked Smartphone, Super Black]]>
    </line>
    <line>
      <![CDATA[$423.10]]>
    </line>
    <line>
      <![CDATA[Motorola Barrage V860 No Contract Verizon Cell Phone NO CAMERA Manufacturer refurbished]]>
    </line>
    <line>
      <![CDATA[$77.99]]>
    </line>
    <line>
      <![CDATA[Refurbished Apple iPhone 7 32GB, Rose Gold - Unlocked GSM]]>
    </line>
    <line>
      <![CDATA[$200.64]]>
    </line>
    <line>
      <![CDATA[Refurbished Apple iPhone 8 Plus 64GB - Unlocked GSM/CDMA]]>
    </line>
    <line>
      <![CDATA[$431.00]]>
    </line>
    <line>
      <![CDATA[Refurbished Apple iPhone 8 64GB, Space Gray - Unlocked LTE]]>
    </line>
    <line>
      <![CDATA[$329.99]]>
    </line>
    <line>
      <![CDATA[Refurbished Apple iPhone 7 Plus 128GB, Rose Gold - Unlocked GSM]]>
    </line>
    <line>
      <![CDATA[$344.50]]>
    </line>
    <line>
      <![CDATA[Blu DIVA Flip T390X GSM Flip Phone - Gold]]>
    </line>
    <line>
      <![CDATA[$28.85]]>
    </line>
    <line>
      <![CDATA[Motorola Moto Z XT1920-19 E5 Play 16GB Unlocked GSM Phone w/ 8MP Camera - Black]]>
    </line>
    <line>
      <![CDATA[$97.83]]>
    </line>
    <line>
      <![CDATA[SD Kyocera DuraXV Plus  512MB E4520PTT CDMA Verizon 2.4" TFT Display 256MB RAM 5MP Camera Phone - Black]]>
    </line>
    <line>
      <![CDATA[$89.95]]>
    </line>
    <line>
      <![CDATA[Apple iPhone 6s Plus 16GB Unlocked GSM 4G LTE 12MP Cell Phone - Silver (Certified Refurbished)]]>
    </line>
    <line>
      <![CDATA[$194.89]]>
    </line>
    <line>
      <![CDATA[Refurbished Apple iPhone 6s 16GB, Rose Gold - Unlocked GSM]]>
    </line>
    <line>
      <![CDATA[$113.90]]>
    </line>
    <line>
      <![CDATA[Refurbished Apple iPhone 6s 16GB, Rose Gold - Unlocked GSM]]>
    </line>
    <line>
      <![CDATA[$137.91]]>
    </line>
    <line>
      <![CDATA[Motorola Moto X4 32GB Unlocked Smartphone, Sterling Blue]]>
    </line>
    <line>
      <![CDATA[$423.10]]>
    </line>
    <line>
      <![CDATA[New Motorola XT1650 Moto Z Force Droid Black (Verizon)Unlocked 32GB Cell Phone]]>
    </line>
    <line>
      <![CDATA[$119.99]]>
    </line>
    <line>
      <![CDATA[Samsung Galaxy S8 G950 Midnight Black 64GB - Verizon and GSM Unlocked (Scratch and Dent)]]>
    </line>
    <line>
      <![CDATA[$269.99]]>
    </line>
    <line>
      <![CDATA[Refurbished Apple iPhone 6s 16GB, Gold - Unlocked GSM]]>
    </line>
    <line>
      <![CDATA[$128.99]]>
    </line>
    <line>
      <![CDATA[Walmart Family Mobile Apple iPhone XS w/64GB, Silver]]>
    </line>
    <line>
      <![CDATA[$999.99]]>
    </line>
    <line>
      <![CDATA[Refurbished Apple iPhone 7 32GB, Black - Unlocked GSM/CDMA]]>
    </line>
    <line>
      <![CDATA[$189.45]]>
    </line>
    <line>
      <![CDATA[Casio G'zOne Commando C771 - Black (Verizon) Cellular Phone - Manufacturer refurbished]]>
    </line>
    <line>
      <![CDATA[$72.99]]>
    </line>
    <line>
      <![CDATA[Refurbished Apple iPhone 6 Plus 128GB, Space Gray - Unlocked GSM]]>
    </line>
    <line>
      <![CDATA[$179.99]]>
    </line>
    <line>
      <![CDATA[Refurbished Apple iPhone 6 Plus 64GB, Space Gray - Unlocked GSM]]>
    </line>
    <line>
      <![CDATA[$189.95]]>
    </line>
    <line>
      <![CDATA[Apple iPhone 6 64GB Unlocked GSM Phone w/ 8MP Camera - Silver (Refurbished)]]>
    </line>
    <line>
      <![CDATA[$109.99]]>
    </line>
    <line>
      <![CDATA[Samsung Galaxy Note10+ 256GB (Unlocked), Glow]]>
    </line>
    <line>
      <![CDATA[$1,099.99]]>
    </line>
    <line>
      <![CDATA[Nokia 5 Black]]>
    </line>
    <line>
      <![CDATA[$99.00]]>
    </line>
    <line>
      <![CDATA[Google Pixel Phone 128 GB - 5 inch Display (Factory Unlocked US Version) (Quite Black)]]>
    </line>
    <line>
      <![CDATA[$189.69]]>
    </line>
    <line>
      <![CDATA[BLU Z5 Z210 1.8" 2G Cell Phone 32MB VGA GSM Unlocked Dual SIM - White]]>
    </line>
    <line>
      <![CDATA[$17.95]]>
    </line>
    <line>
      <![CDATA[Motorola Droid Turbo 2 XT1585 32gb White - Fully Unlocked (Certified Refurbished, Good Condition)]]>
    </line>
    <line>
      <![CDATA[$93.98]]>
    </line>
    <line>
      <![CDATA[Kyocera Cadence S2720 4G LTE Verizon Wireless Basic Flip Phone Certified Refurbished]]>
    </line>
    <line>
      <![CDATA[$79.93]]>
    </line>
    <line>
      <![CDATA[HTC Evo 10 5.5" - 32GB 4G LTE 3GB RAM GSM Unlocked Octa-Core Android Smartphone, Glacial Silver]]>
    </line>
    <line>
      <![CDATA[$99.99]]>
    </line>
    <line>
      <![CDATA[Straight Talk LG Premier Pro Prepaid Smartphone]]>
    </line>
    <line>
      <![CDATA[$79.99]]>
    </line>
    <line>
      <![CDATA[Refurbished Apple iPhone 7 128GB, Black - Unlocked LTE]]>
    </line>
    <line>
      <![CDATA[$228.88]]>
    </line>
    <line>
      <![CDATA[iPhone 5s 16GB Space Gray (Unlocked) Refurbished Grade B]]>
    </line>
    <line>
      <![CDATA[$72.97]]>
    </line>
    <line>
      <![CDATA[Refurbished Apple iPhone 6 Plus 64GB, Gold - Unlocked GSM]]>
    </line>
    <line>
      <![CDATA[$194.99]]>
    </line>
    <line>
      <![CDATA[Factory Refurbished 32GB Apple iPhone 7 GSM Unlocked Smartphone  Rose Gold]]>
    </line>
    <line>
      <![CDATA[$199.97]]>
    </line>
    <line>
      <![CDATA[Refurbished iPhone X 5.5" GSM Unlocked Space Gray 256GB]]>
    </line>
    <line>
      <![CDATA[$629.99]]>
    </line>
    <line>
      <![CDATA[Refurbished Apple iPhone 8 64GB, Gold - Unlocked GSM]]>
    </line>
    <line>
      <![CDATA[$325.90]]>
    </line>
    <line>
      <![CDATA[U.S. Cellular Samsung Galaxy J7 16GB Prepaid Smartphone, Black]]>
    </line>
    <line>
      <![CDATA[$129.00]]>
    </line>
    <line>
      <![CDATA[AT&T PREPAID iPhone 6s Plus 32GB + $45 Airtime Bundle (Includes $45 account credit upon activation)]]>
    </line>
    <line>
      <![CDATA[$344.00]]>
    </line>
    <line>
      <![CDATA[Refurbished Apple iPhone 5s 16GB, Space Gray - GSM]]>
    </line>
    <line>
      <![CDATA[$68.99]]>
    </line>
    <line>
      <![CDATA[Refurbished Apple iPhone 6 16GB, Gold - Unlocked GSM]]>
    </line>
    <line>
      <![CDATA[$244.72]]>
    </line>
    <line>
      <![CDATA[Indigi® Unlocked 6.3in 4G DualSIM & Fingerprint ID Android 9.1 Pie Smart Cell Phone AT&T T-Mobile Straight Talk]]>
    </line>
    <line>
      <![CDATA[$129.99]]>
    </line>
    <line>
      <![CDATA[Refurbished Apple iPhone 6 Plus 64GB, Silver - Unlocked GSM]]>
    </line>
    <line>
      <![CDATA[$169.99]]>
    </line>
    <line>
      <![CDATA[Blackberry Q10 Unlocked Cellphone, 16GB, Black]]>
    </line>
    <line>
      <![CDATA[$266.82]]>
    </line>
    <line>
      <![CDATA[Apple iPhone 6+ Plus 64gb Silver - Fully Unlocked (Certified Refurbished, Good Condition)]]>
    </line>
    <line>
      <![CDATA[$189.95]]>
    </line>
    <line>
      <![CDATA[Galaxy S4 SGH-I337 (AT&T) GSM UNLOCKED 16GB - Blue]]>
    </line>
    <line>
      <![CDATA[$99.99]]>
    </line>
    <line>
      <![CDATA[Total Wireless Samsung Note 8 Prepaid Smartphone(Extra $200 OFF when you Buy Together & Save)]]>
    </line>
    <line>
      <![CDATA[$849.99]]>
    </line>
    <line>
      <![CDATA[Refurbished Apple iPhone 7 32GB, Rose Gold - Unlocked GSM]]>
    </line>
    <line>
      <![CDATA[$199.96]]>
    </line>
    <line>
      <![CDATA[Xiaomi Mi 9T 64GB Duos Unlocked GSM Phone w/ 48MP Triple Camera - Carbon Black]]>
    </line>
    <line>
      <![CDATA[$304.90]]>
    </line>
    <line>
      <![CDATA[Refurbished Apple iPhone 6 16GB, Silver - Unlocked GSM]]>
    </line>
    <line>
      <![CDATA[$99.74]]>
    </line>
    <line>
      <![CDATA[BLU Zoey Flex 3G Z170L 1.8" Cellphone GSM Unlocked Dual Sim White]]>
    </line>
    <line>
      <![CDATA[$34.90]]>
    </line>
    <line>
      <![CDATA[Refurbished Apple iPhone 7 128GB, Rose Gold - Unlocked GSM]]>
    </line>
    <line>
      <![CDATA[$208.88]]>
    </line>
    <line>
      <![CDATA[Apple iPhone 6s Plus 64GB Unlocked GSM 4G LTE 12MP Cell Phone - Silver (Refurbished)]]>
    </line>
    <line>
      <![CDATA[$289.99]]>
    </line>
    <line>
      <![CDATA[Net10 Apple iPhone 7 32GB Prepaid Smartphone, Black]]>
    </line>
    <line>
      <![CDATA[$299.99]]>
    </line>
    <line>
      <![CDATA[Indigi® NEW! Unlocked 10-Core 6.3" Android 9.1 Pie DualSIM & Fingerprint ID 4G LTE Smart Phone AT&T T-Mobile]]>
    </line>
    <line>
      <![CDATA[$129.99]]>
    </line>
    <line>
      <![CDATA[AT&T PREPAID Alcatel idealXCITE 8GB Prepaid Smartphone, Black]]>
    </line>
    <line>
      <![CDATA[$45.59]]>
    </line>
    <line>
      <![CDATA[Verizon HTC Desire 530 Prepaid Smartphone, Graphite Grey]]>
    </line>
    <line>
      <![CDATA[$2,000.00]]>
    </line>
    <line>
      <![CDATA[U.S. Cellular Samsung Galaxy J3 16GB Prepaid Smartphone, Black]]>
    </line>
    <line>
      <![CDATA[$68.00]]>
    </line>
    <line>
      <![CDATA[Huawei P30 Lite (128GB, 4GB RAM) 6.15" Display, AI Triple Camera, 32MP Selfie, Dual SIM Global 4G LTE GSM Factory Unlocked MAR-LX3A - International Version (Midnight Black)]]>
    </line>
    <line>
      <![CDATA[$284.00]]>
    </line>
    <line>
      <![CDATA[Google Pixel XL 128GB Unlocked GSM Phone w/ 12.3MP Camera - Quite Black]]>
    </line>
    <line>
      <![CDATA[$199.94]]>
    </line>
    <line>
      <![CDATA[Simple Mobile Prepaid Apple iPhone 8 Plus 64GB, Silver]]>
    </line>
    <line>
      <![CDATA[$699.00]]>
    </line>
    <line>
      <![CDATA[Motorola RAZR V3m - Pink (Verizon) Cellular Phone manufacture refurbished]]>
    </line>
    <line>
      <![CDATA[$79.99]]>
    </line>
    <line>
      <![CDATA[Apple iPhone 6 Plus 128GB Unlocked GSM Phone w/ 8MP Camera - Gold (Refurbished)]]>
    </line>
    <line>
      <![CDATA[$229.95]]>
    </line>
    <line>
      <![CDATA[Refurbished Apple iPhone 6s 16GB, Rose Gold - Unlocked GSM]]>
    </line>
    <line>
      <![CDATA[$124.89]]>
    </line>
    <line>
      <![CDATA[Total Wireless Prepaid Apple iPhone 8 Plus 64GB, Space Gray]]>
    </line>
    <line>
      <![CDATA[$699.00]]>
    </line>
    <line>
      <![CDATA[Refurbished Apple iPhone 8 64GB, Silver - Unlocked LTE]]>
    </line>
    <line>
      <![CDATA[$349.95]]>
    </line>
    <line>
      <![CDATA[Samsung Galaxy S8 Plus SM-G955U 64GB T-Mobile - Excellent -Refurbished]]>
    </line>
    <line>
      <![CDATA[$244.89]]>
    </line>
    <line>
      <![CDATA[Xiaomi Redmi Note 7, 64GB/4GB RAM, 6.30'' FHD+, Snapdragon 660, Black - Unlocked Global Version]]>
    </line>
    <line>
      <![CDATA[$189.00]]>
    </line>
    <line>
      <![CDATA[iPhone SE 32GB Space Gray (Unlocked) Refurbished]]>
    </line>
    <line>
      <![CDATA[$104.62]]>
    </line>
    <line>
      <![CDATA[BLU Studio Mega (2018) S910Q - (16GB) 3G HSPA+ Factory GSM Unlocked - Dual SIM - Black]]>
    </line>
    <line>
      <![CDATA[$79.99]]>
    </line>
    <line>
      <![CDATA[Apple iPhone 6s 128GB Gsm, Gold (Unlocked)]]>
    </line>
    <line>
      <![CDATA[$196.15]]>
    </line>
    <line>
      <![CDATA[Refurbished Apple iPhone 7 32GB, Black - GSM]]>
    </line>
    <line>
      <![CDATA[$189.89]]>
    </line>
    <line>
      <![CDATA[Apple iPhone 6s 64GB Unlocked GSM 4G LTE Dual-Core Phone w/ 12MP Camera - Rose Gold (Refurbished)]]>
    </line>
    <line>
      <![CDATA[$146.74]]>
    </line>
    <line>
      <![CDATA[Unlocked GSM Apple iPhone 6 16GB, Space Gray]]>
    </line>
    <line>
      <![CDATA[$109.98]]>
    </line>
    <line>
      <![CDATA[Motorola Droid Turbo 2 XT1585 32GB Verizon + GSM Unlocked 4G LTE Smartphone (Refurbished)]]>
    </line>
    <line>
      <![CDATA[$99.23]]>
    </line>
    <line>
      <![CDATA[Apple iPhone SE 16GB Factory Unlocked AT&T T-Mobile - Refurbished]]>
    </line>
    <line>
      <![CDATA[$84.99]]>
    </line>
    <line>
      <![CDATA[Refurbished Straight Talk Samsung Galaxy S6 Prepaid Smartphone (Bundle Promo Available)]]>
    </line>
    <line>
      <![CDATA[$199.00]]>
    </line>
    <line>
      <![CDATA[Refurbished Apple iPhone 6s 64GB, Rose Gold - Unlocked GSM]]>
    </line>
    <line>
      <![CDATA[$134.88]]>
    </line>
    <line>
      <![CDATA[Motorola DROID TURBO 2 - Smartphone - 4G LTE - 32 GB - microSDXC slot - CDMA / GSM - 5.4" - 2560 x 1440 pixels (540 ppi) - P-OLED - RAM 3 GB - 21 MP (5 MP front camera) - Android - Verizon - gray ball]]>
    </line>
    <line>
      <![CDATA[$139.95]]>
    </line>
    <line>
      <![CDATA[Apple iPhone 6s Plus Fully Unlocked]]>
    </line>
    <line>
      <![CDATA[$274.99]]>
    </line>
    <line>
      <![CDATA[iPhone SE 16GB Rose Gold (Unlocked) Refurbished]]>
    </line>
    <line>
      <![CDATA[$84.49]]>
    </line>
    <line>
      <![CDATA[Samsung Galaxy S7 32GB Gold (Sprint)]]>
    </line>
    <line>
      <![CDATA[No Price]]>
    </line>
    <line>
      <![CDATA[Indigi® Stylish 4G LTE Unlocked 10-Core 6.3in Smart Cell Phone Android 9.1 Pie]]>
    </line>
    <line>
      <![CDATA[$129.99]]>
    </line>
    <line>
      <![CDATA[Plum Ram 8 - Rugged Flip Phone Unlocked 3G GSM Water Shock Proof Military Grade ATT Tmobile Cricket Metro]]>
    </line>
    <line>
      <![CDATA[$69.00]]>
    </line>
    <line>
      <![CDATA[Apple iPhone 8 Plus 64GB Unlocked GSM/CDMA Phone w/ 12MP Camera - Space Gray]]>
    </line>
    <line>
      <![CDATA[$759.97]]>
    </line>
    <line>
      <![CDATA[Apple iPhone 6s Plus a1687 64GB GSM Unlocked (Refurbished)]]>
    </line>
    <line>
      <![CDATA[$239.95]]>
    </line>
    <line>
      <![CDATA[Google Pixel XL, 5.5" 32GB (Verizon Wireless) - Black]]>
    </line>
    <line>
      <![CDATA[$119.99]]>
    </line>
    <line>
      <![CDATA[SpareOne Plus GSM Emergency Mobile Phone 850/1900 mHz SOS Alarm 24 Hours Torchlight with Waterproof Pouch]]>
    </line>
    <line>
      <![CDATA[$7.95]]>
    </line>
    <line>
      <![CDATA[Refurbished Apple iPhone 5S 16GB, Space Gray - Locked Straight Talk/TracFone]]>
    </line>
    <line>
      <![CDATA[$119.00]]>
    </line>
    <line>
      <![CDATA[Motorola Moto G5S Plus 64GB Unlocked Smartphone, Blush Gold]]>
    </line>
    <line>
      <![CDATA[$333.00]]>
    </line>
    <line>
      <![CDATA[Plum Optimax 11 - Tablet + Phone Phablet 8" Display 16GB Memory 4G GSM Unlocked Android ATT Tmobile MetroPCS Cricket Simple Mobile – White]]>
    </line>
    <line>
      <![CDATA[$79.00]]>
    </line>
    <line>
      <![CDATA[Samsung Galaxy S5 G900V 16GB Verizon CDMA Phone w/ 16MP Camera - Gold (Refurbished)]]>
    </line>
    <line>
      <![CDATA[$99.99]]>
    </line>
    <line>
      <![CDATA[Apple iPhone 6s Fully Unlocked]]>
    </line>
    <line>
      <![CDATA[$129.99]]>
    </line>
    <line>
      <![CDATA[Apple iPhone 6 64GB Unlocked GSM Phone w/ 8MP Camera - Gold (Refurbished)]]>
    </line>
    <line>
      <![CDATA[$169.00]]>
    </line>
    <line>
      <![CDATA[Simple Mobile Apple iPhone XS w/64GB, Gray]]>
    </line>
    <line>
      <![CDATA[$999.99]]>
    </line>
    <line>
      <![CDATA[Nokia 105 [2017] TA-1037 Dual-Band (850/1900) Factory Unlocked Mobile Phone B...]]>
    </line>
    <line>
      <![CDATA[$155.07]]>
    </line>
    <line>
      <![CDATA[Samsung Galaxy S7 G930V 32GB Verizon CDMA 4G LTE Quad-Core Phone w/ 12MP Dual Pixel Camera - Black (Certified Refurbished)]]>
    </line>
    <line>
      <![CDATA[$132.99]]>
    </line>
    <line>
      <![CDATA[VERIZON HTC Desire 530 16GB Prepaid Smartphone, White]]>
    </line>
    <line>
      <![CDATA[$82.71]]>
    </line>
    <line>
      <![CDATA[Apple iPhone 6s 64GB Unlocked GSM 4G LTE Dual-Core Phone w/ 12MP Camera - Space Gray (Used)]]>
    </line>
    <line>
      <![CDATA[$139.89]]>
    </line>
    <line>
      <![CDATA[Tracfone Dual Smartphone Preloaded 1 Year 365 days]]>
    </line>
    <line>
      <![CDATA[$89.00]]>
    </line>
    <line>
      <![CDATA[Used (Good Condition) Apple iPhone 7 32GB Unlocked GSM Multi Colors (Silver/White)]]>
    </line>
    <line>
      <![CDATA[$239.00]]>
    </line>
    <line>
      <![CDATA[iPhone SE 64GB Space Gray (Unlocked) Refurbished]]>
    </line>
    <line>
      <![CDATA[$124.99]]>
    </line>
    <line>
      <![CDATA[Motorola EX431G Prepaid Phone With Triple Minutes (Tracfone)]]>
    </line>
    <line>
      <![CDATA[$299.71]]>
    </line>
    <line>
      <![CDATA[Total Wireless Apple iPhone XR w/64GB, Black]]>
    </line>
    <line>
      <![CDATA[$749.99]]>
    </line>
    <line>
      <![CDATA[Refurbished Apple iPhone 6 Plus 64GB, Silver - Unlocked GSM]]>
    </line>
    <line>
      <![CDATA[$194.99]]>
    </line>
    <line>
      <![CDATA[Apple iPhone 6s - Smartphone - 4G LTE Advanced - 16 GB - CDMA / GSM - 4.7" - 1334 x 750 pixels (326 ppi) - Retina HD - 12 MP (5 MP front camera) - T-Mobile - gold]]>
    </line>
    <line>
      <![CDATA[$132.95]]>
    </line>
    <line>
      <![CDATA[Samsung Galaxy S8 Plus SM-G955U 64GB T-Mobile - Excellent -Refurbished]]>
    </line>
    <line>
      <![CDATA[$248.41]]>
    </line>
    <line>
      <![CDATA[Refurbished T-Mobile 5054W Fierce XL Smartphone-Champagne]]>
    </line>
    <line>
      <![CDATA[$87.23]]>
    </line>
    <line>
      <![CDATA[Apple iPhone 6 64GB Unlocked GSM Silver (Refurbished)]]>
    </line>
    <line>
      <![CDATA[$149.99]]>
    </line>
    <line>
      <![CDATA[Refurbished iPhone 6S Plus 64GB Space Gray Unlocked]]>
    </line>
    <line>
      <![CDATA[$209.95]]>
    </line>
    <line>
      <![CDATA[Refurbished Apple iPhone 6 64GB, Silver - Unlocked GSM]]>
    </line>
    <line>
      <![CDATA[$143.97]]>
    </line>
    <line>
      <![CDATA[Refurbished Apple iPhone 7 128GB, Black - Unlocked GSM/CDMA]]>
    </line>
    <line>
      <![CDATA[$229.50]]>
    </line>
    <line>
      <![CDATA[Samsung Galaxy S9 Plus SM-G965U 64GB Black Verizon - Excellent -Refurbished]]>
    </line>
    <line>
      <![CDATA[$599.95]]>
    </line>
    <line>
      <![CDATA[Samsung Galaxy S10+ G975U Factory Unlocked with 128GB Smartphone, Prism Black]]>
    </line>
    <line>
      <![CDATA[$679.95]]>
    </line>
    <line>
      <![CDATA[Straight Talk Samsung Note 8 Prepaid Smartphone]]>
    </line>
    <line>
      <![CDATA[$849.99]]>
    </line>
    <line>
      <![CDATA[Refurbished Apple iPhone 7 256GB, Black - Unlocked GSM]]>
    </line>
    <line>
      <![CDATA[$224.99]]>
    </line>
    <line>
      <![CDATA[G4 LG H810 32GB AT&T GSM Global Unlocked Smartphone - Metallic Gray]]>
    </line>
    <line>
      <![CDATA[$99.99]]>
    </line>
    <line>
      <![CDATA[Straight Talk Alcatel ZIP Prepaid Smartphone]]>
    </line>
    <line>
      <![CDATA[$39.99]]>
    </line>
    <line>
      <![CDATA[Refurbished Apple iPhone 7 Plus 32GB, Black - Unlocked GSM]]>
    </line>
    <line>
      <![CDATA[$293.79]]>
    </line>
    <line>
      <![CDATA[Cricket Wireless Alcatel Onyx]]>
    </line>
    <line>
      <![CDATA[$79.00]]>
    </line>
    <line>
      <![CDATA[Total Wireless Samsung Galaxy S8 64GB Prepaid Smartphone, Black]]>
    </line>
    <line>
      <![CDATA[$499.99]]>
    </line>
    <line>
      <![CDATA[Plum Ram 7 - Cellular phone - dual-SIM - 3G - microSDHC slot - GSM - 240 x 320 pixels - TFT - RAM 64 MB - 5 MP (2 MP front camera) - orange]]>
    </line>
    <line>
      <![CDATA[$59.00]]>
    </line>
    <line>
      <![CDATA[Motorola Barrage V860 - Black (Verizon) Cellular Phone manufacture refurbished]]>
    </line>
    <line>
      <![CDATA[$69.23]]>
    </line>
    <line>
      <![CDATA[Indigi® 5.0" IPS Capacitive Android 6.0 DualSim 4G Support Smart Cell Phone GSM UNLOCKED]]>
    </line>
    <line>
      <![CDATA[$129.99]]>
    </line>
    <line>
      <![CDATA[Google Pixel 2 Verizon/Unlocked Black 128GB (Scratch and Dent)]]>
    </line>
    <line>
      <![CDATA[$319.99]]>
    </line>
    <line>
      <![CDATA[Refurbished iPhone X 5.5" GSM Unlocked Space Gray 64GB]]>
    </line>
    <line>
      <![CDATA[$559.99]]>
    </line>
    <line>
      <![CDATA[iPhone 5c 8GB White (Unlocked) Refurbished]]>
    </line>
    <line>
      <![CDATA[$74.99]]>
    </line>
    <line>
      <![CDATA[ROKiT iO Pro 3D - 4G LTE Android 64GB - GSM Unlocked - Dual-SIM]]>
    </line>
    <line>
      <![CDATA[$299.99]]>
    </line>
    <line>
      <![CDATA[Ulefone ARMOR 2 Rugged Tough 4G Smartphone 5.0 inches Android 7.0 IP68 Waterproof Shockproof Dustproof 6GB RAM 64GB ROM 16MP & 13MP Cameras NFC OTG Cell Phone (Gray)]]>
    </line>
    <line>
      <![CDATA[$355.34]]>
    </line>
    <line>
      <![CDATA[Refurbished Apple iPhone 7 128GB, Rose Gold - Unlocked GSM]]>
    </line>
    <line>
      <![CDATA[$204.89]]>
    </line>
    <line>
      <![CDATA[Apple iPhone 6 128GB Unlocked GSM Phone w/ 8MP Camera - Gold (Refurbished)]]>
    </line>
    <line>
      <![CDATA[$99.99]]>
    </line>
    <line>
      <![CDATA[Total Wireless Prepaid Apple iPhone 8 64GB, Gold]]>
    </line>
    <line>
      <![CDATA[$599.00]]>
    </line>
    <line>
      <![CDATA[Samsung Galaxy S8 Plus SM-G955U 64GB for AT&T (Refurbished)]]>
    </line>
    <line>
      <![CDATA[$244.99]]>
    </line>
    <line>
      <![CDATA[Motorola Moto W755 - Purple (Verizon) Cellular Phone manufacture refurbished]]>
    </line>
    <line>
      <![CDATA[$71.99]]>
    </line>
    <line>
      <![CDATA[Refurbished Apple iPhone 6s 64GB, Gold - Unlocked GSM]]>
    </line>
    <line>
      <![CDATA[$139.99]]>
    </line>
    <line>
      <![CDATA[Apple iPhone SE 64GB Factory GSM Unlocked AT&T T-Mobile - Refurbished]]>
    </line>
    <line>
      <![CDATA[$114.99]]>
    </line>
    <line>
      <![CDATA[Apple iPhone 7 Plus 128GB Unlocked GSM 4G LTE Quad-Core Smartphone w/ Dual 12MP Camera - Black (Used)]]>
    </line>
    <line>
      <![CDATA[$359.85]]>
    </line>
    <line>
      <![CDATA[Straight Talk Alcatel ZIP Prepaid Smartphone]]>
    </line>
    <line>
      <![CDATA[$29.99]]>
    </line>
    <line>
      <![CDATA[Consumer Cellular Doro 626 Flip Phone - Black - GSM]]>
    </line>
    <line>
      <![CDATA[$39.99]]>
    </line>
    <line>
      <![CDATA[Refurbished Apple iPhone 6 Plus 16GB, Silver - Unlocked GSM]]>
    </line>
    <line>
      <![CDATA[$149.99]]>
    </line>
    <line>
      <![CDATA[Refurbished Apple iPhone 6 64GB, Gold - Unlocked GSM]]>
    </line>
    <line>
      <![CDATA[$179.00]]>
    </line>
    <line>
      <![CDATA[Apple iPhone 6 Plus 64GB Unlocked GSM Phone w/ 8MP Camera - Space Gray ( Certified Refurbished )]]>
    </line>
    <line>
      <![CDATA[$359.99]]>
    </line>
    <line>
      <![CDATA[Refurbished Apple iPhone 7 128GB, Black - Unlocked GSM]]>
    </line>
    <line>
      <![CDATA[$224.99]]>
    </line>
    <line>
      <![CDATA[Apple iPhone 7 32GB Unlocked GSM Quad-Core Phone w/ 12MP Camera - Gold (Used)]]>
    </line>
    <line>
      <![CDATA[$239.00]]>
    </line>
    <line>
      <![CDATA[iPhone SE 64GB Rose Gold (Unlocked) Refurbished]]>
    </line>
    <line>
      <![CDATA[$109.67]]>
    </line>
    <line>
      <![CDATA[Refurbished Apple iPhone 6s 32GB, Gold - Unlocked GSM]]>
    </line>
    <line>
      <![CDATA[$134.80]]>
    </line>
    <line>
      <![CDATA[Google Pixel Verizon Fully Unlocked Silver 32GB (Scratch and Dent)]]>
    </line>
    <line>
      <![CDATA[$149.99]]>
    </line>
    <line>
      <![CDATA[Apple iPhone 5s 16GB Unlocked GSM 4G LTE Phone w/ 8MP Camera - Silver (Used)]]>
    </line>
    <line>
      <![CDATA[$84.99]]>
    </line>
    <line>
      <![CDATA[Alcatel OneTouch Pop Icon Android Prepaid Phone with 1200 Minutes/Texts/Data (Tracfone)]]>
    </line>
    <line>
      <![CDATA[$329.67]]>
    </line>
    <line>
      <![CDATA[Refurbished Apple iPhone 5s 32GB, Gold - Unlocked GSM]]>
    </line>
    <line>
      <![CDATA[$79.95]]>
    </line>
    <line>
      <![CDATA[Apple iPhone 6 Plus 128GB Unlocked GSM Phone w/ 8MP Camera - Gold (Refurbished)]]>
    </line>
    <line>
      <![CDATA[$149.99]]>
    </line>
    <line>
      <![CDATA[Refurbished Apple iPhone 6 64GB, Silver - Unlocked GSM]]>
    </line>
    <line>
      <![CDATA[$109.99]]>
    </line>
    <line>
      <![CDATA[Refurbished Apple iPhone 5s 16GB, Space Gray]]>
    </line>
    <line>
      <![CDATA[$68.99]]>
    </line>
    <line>
      <![CDATA[Refurbished iPhone 7 Plus 128GB Matte Black Unlocked]]>
    </line>
    <line>
      <![CDATA[$339.99]]>
    </line>
    <line>
      <![CDATA[Refurbished Apple iPhone 8 Plus 64GB, Space Gray - Unlocked LTE]]>
    </line>
    <line>
      <![CDATA[$484.95]]>
    </line>
    <line>
      <![CDATA[RefurbishedApple iPhone 7 Plus 128 GB Rose Gold GSM Unlocked to T-Mobile AT&T Metro PCS]]>
    </line>
    <line>
      <![CDATA[$372.88]]>
    </line>
    <line>
      <![CDATA[Refurbished Apple iPhone 6s 128GB, Space Gray - Unlocked GSM]]>
    </line>
    <line>
      <![CDATA[$185.98]]>
    </line>
    <line>
      <![CDATA[Total Wireless Samsung Galaxy J3 Luna Pro 16GB Prepaid Smartphone, Black]]>
    </line>
    <line>
      <![CDATA[$88.99]]>
    </line>
    <line>
      <![CDATA[Indigi® 7inch Factory Unlocked 3G Smart Phone 2-in-1 Phablet Android 4.4 Tablet PC w/ Built-in Smart Cover (Black)]]>
    </line>
    <line>
      <![CDATA[$94.89]]>
    </line>
    <line>
      <![CDATA[Refurbished Apple iPhone 8 Plus 256GB, Gold - Unlocked GSM/CDMA]]>
    </line>
    <line>
      <![CDATA[$519.99]]>
    </line>
    <line>
      <![CDATA[Refurbished Apple iPhone 6 64GB, Silver - Unlocked GSM]]>
    </line>
    <line>
      <![CDATA[$142.00]]>
    </line>
    <line>
      <![CDATA[Axon M Z999 ZTE 64GB AT&T GSM Unlocked Dual Screen Smartphone - Carbon Black]]>
    </line>
    <line>
      <![CDATA[$149.99]]>
    </line>
    <line>
      <![CDATA[Apple iPhone 7 256GB Unlocked GSM 4G LTE Quad-Core Smartphone w/ 12MP Camera - Jet Black (Used)]]>
    </line>
    <line>
      <![CDATA[$229.99]]>
    </line>
    <line>
[...]
              <![CDATA[$250.20]]>
            </line>
            <line>
              <![CDATA[Refurbished Apple iPhone 5s 32GB, Space Gray - Unlocked GSM (with 1 Year Warranty)]]>
            </line>
            <line>
              <![CDATA[$90.17]]>
            </line>
            <line>
              <![CDATA[Apple iPhone 8 Unlocked 64GB Silver (Grade B) (Refurbished)]]>
            </line>
            <line>
              <![CDATA[$322.99]]>
            </line>
            <line>
              <![CDATA[Refurbished Apple iPhone 5s 32GB, SIlver - Unlocked GSM]]>
            </line>
            <line>
              <![CDATA[$99.96]]>
            </line>
            <line>
              <![CDATA[Refurbished Apple iPhone 6s Plus 16GB, Gold - Unlocked GSM]]>
            </line>
            <line>
              <![CDATA[$369.99]]>
            </line>
            <line>
              <![CDATA[Indigi® UNLOCKED 6.3" Android 9.1 Pie DualSIM & Fingerprint ID 4G Lte Smart Phone AT&T Straight Talk + 32gb]]>
            </line>
            <line>
              <![CDATA[$134.99]]>
            </line>
            <line>
              <![CDATA[HTC One M9 32GB Unlocked GSM 4G LTE Octa-Core Android Phone w/ 20MP Camera - Gold on Silver]]>
            </line>
            <line>
              <![CDATA[$254.00]]>
            </line>
            <line>
              <![CDATA[Indigi® UNLOCKED 6.3" Android 9.1 Pie DualSIM & Fingerprint ID 4G Lte Smart Phone AT&T Straight Talk + 32gb]]>
            </line>
            <line>
              <![CDATA[$134.99]]>
            </line>
            <line>
              <![CDATA[Total Wireless Apple iPhone XS w/64GB, Gray]]>
            </line>
            <line>
              <![CDATA[$999.99]]>
            </line>
            <line>
              <![CDATA[BLU Tank F010 32MB Unlocked GSM Dual-SIM Phone w/ Dual 1W Super Flashlight - Slate Grey]]>
            </line>
            <line>
              <![CDATA[$21.99]]>
            </line>
            <line>
              <![CDATA[Refurbished Apple iPhone 6 16GB, Gold - Unlocked]]>
            </line>
            <line>
              <![CDATA[$211.59]]>
            </line>
            <line>
              <![CDATA[iPhone 6s 32GB Space Gray (Unlocked) Refurbished]]>
            </line>
            <line>
              <![CDATA[$137.99]]>
            </line>
            <line>
              <![CDATA[Apple iPhone 6s 128GB Unlocked GSM 4G LTE Dual-Core Phone w/ 12 MP Camera - Rose Gold (Used)]]>
            </line>
            <line>
              <![CDATA[$196.15]]>
            </line>
            <line>
              <![CDATA[Refurbished Apple iPhone 6s Plus 64GB, Silver - Unlocked GSM]]>
            </line>
            <line>
              <![CDATA[$439.99]]>
            </line>
            <line>
              <![CDATA[BLU R1 HD 5" Smartphone 16GB GSM Unlocked Dual SIM Android R0031uu Black]]>
            </line>
            <line>
              <![CDATA[$89.95]]>
            </line>
            <line>
              <![CDATA[Refurbished Apple iPhone 6s Plus 64GB, Space Gray - Unlocked GSM]]>
            </line>
            <line>
              <![CDATA[$325.00]]>
            </line>
            <line>
              <![CDATA[iPhone 6s Plus 32GB Rose Gold (Unlocked) Refurbished]]>
            </line>
            <line>
              <![CDATA[$199.97]]>
            </line>
            <line>
              <![CDATA[Refurbished Apple iPhone 7 32GB, Gold - Unlocked GSM]]>
            </line>
            <line>
              <![CDATA[$200.64]]>
            </line>
            <line>
              <![CDATA[iPhone 6s Plus 16GB Rose Gold (Unlocked) Refurbished]]>
            </line>
            <line>
              <![CDATA[$184.97]]>
            </line>
            <line>
              <![CDATA[Refurbished Apple iPhone 6s Plus 16GB, Rose Gold - Unlocked GSM]]>
            </line>
            <line>
              <![CDATA[$225.00]]>
            </line>
            <line>
              <![CDATA[NEW Samsung Galaxy Note8 SM-N950P 64GB SPRINT + GSM GLOBAL Unlocked Smartphone - Midnight Black]]>
            </line>
            <line>
              <![CDATA[$429.99]]>
            </line>
            <line>
              <![CDATA[Refurbished Apple iPhone 6s Plus 16GB, Space Gray - GSM/CDMA]]>
            </line>
            <line>
              <![CDATA[$185.84]]>
            </line>
            <line>
              <![CDATA[New V40 ThinQ 64GB LMV405TA GSM Unlocked 4G LTE 6.4" P-OLED Display 6GB RAM Triple 12MP+12MP+16MP Smartphone by LG  - Aurora Black]]>
            </line>
            <line>
              <![CDATA[$539.95]]>
            </line>
            <line>
              <![CDATA[Apple iPhone 6 Plus 64GB Unlocked GSM Phone w/ 8MP Camera - Silver (Used)]]>
            </line>
            <line>
              <![CDATA[$215.00]]>
            </line>
            <line>
              <![CDATA[Apple iPhone 8 Plus 64GB, Space Gray]]>
            </line>
            <line>
              <![CDATA[$624.97]]>
            </line>
            <line>
              <![CDATA[Google Pixel XL Verizon Fully Unlocked - Quite Black 32GB (Seller Refurbished)]]>
            </line>
            <line>
              <![CDATA[$119.99]]>
            </line>
            <line>
              <![CDATA[Indigi® V19 Factory Unlocked 3G GSM+CDMA 5.5inch HD Android 4.4 KitKat Dual-Core Dual-Sim Smartphone (Black)]]>
            </line>
            <line>
              <![CDATA[$119.99]]>
            </line>
            <line>
              <![CDATA[Indigi® Factory Unlocked 3G 6" DualSim SmartPhone Android 5.1 Lollipop w/ WiFi + Google Play + Bluetooth Included]]>
            </line>
            <line>
              <![CDATA[$99.29]]>
            </line>
            <line>
              <![CDATA[Apple iPhone 6S Plus, GSM Unlocked 4G LTE- Gold, 16GB (Used, Good Condition)]]>
            </line>
            <line>
              <![CDATA[$195.00]]>
            </line>
            <line>
              <![CDATA[Indigi® 7" 3G Factory Unlocked 2-in-1 Phablet Android 4.4 SmartPhone & TabletPC w/ Built-in Smart Cover (White)]]>
            </line>
            <line>
              <![CDATA[$92.99]]>
            </line>
            <line>
              <![CDATA[Apple iPhone 8, GSM Unlocked 4G LTE- Gold, 64GB (Certified Refurbished)]]>
            </line>
            <line>
              <![CDATA[$369.95]]>
            </line>
            <line>
              <![CDATA[Refurbished Apple Iphone 7 Plus 256GB GSM Unlocked Smartphone - Jet Black]]>
            </line>
            <line>
              <![CDATA[$394.95]]>
            </line>
            <line>
              <![CDATA[Bocgsfdfgns Unlocked Smartphone , 6GB 64GB 6.2" FHD+Full Screen 4 Lens Android 8.1 3850mah Dual 4G Face Cell Phones(Twilight Black )]]>
            </line>
            <line>
              <![CDATA[$299.99]]>
            </line>
            <line>
              <![CDATA[Refurbished Apple iPhone 6S Plus 16GB, Rose Gold - Locked AT&T]]>
            </line>
            <line>
              <![CDATA[$206.95]]>
            </line>
            <line>
              <![CDATA[Indigi® 7in Mega Smartphone Android 4.4 Tablet PC 2-in-1 Phablet Google Play Store (AT&T T-Mobile GSM Unlocked)]]>
            </line>
            <line>
              <![CDATA[$74.99]]>
            </line>
            <line>
              <![CDATA[Refurbished Apple iPhone 6 Plus 64GB, Space Gray - Unlocked CDMA / GSM]]>
            </line>
            <line>
              <![CDATA[$169.97]]>
            </line>
            <line>
              <![CDATA[Xiaomi Mi A2 Smartphone 4GB RAM 32GB Black]]>
            </line>
            <line>
              <![CDATA[$217.27]]>
            </line>
            <line>
              <![CDATA[Apple iPhone 6, GSM Unlocked 4G LTE- Gold, 16GB (Used, Good Condition)]]>
            </line>
            <line>
              <![CDATA[$142.00]]>
            </line>
            <line>
              <![CDATA[Certified Refurbished iPhone 7 Plus Jet Black GSM UNLOCKED 256GB - Includes NEW DB1 In-ear Wireless Bluetooth Headphones White]]>
            </line>
            <line>
              <![CDATA[$421.58]]>
            </line>
            <line>
              <![CDATA[iPhone 5 16GB White (Unlocked) Refurbished]]>
            </line>
            <line>
              <![CDATA[$69.95]]>
            </line>
            <line>
              <![CDATA[Apple iPhone 6s 64GB Unlocked GSM 4G LTE Dual-Core Phone w/ 12 MP Camera - Gold (Used)]]>
            </line>
            <line>
              <![CDATA[$144.89]]>
            </line>
            <line>
              <![CDATA[Indigi® 7.0inch Unlocked 3G 2-in-1 SmartPhone & TabletPC Android 4.4 w/ Built-in Smart Cover + Bluetooth Included(Pink)]]>
            </line>
            <line>
              <![CDATA[$99.99]]>
            </line>
            <line>
              <![CDATA[BLU Diva Flip T390 2.4" Flip Phone VGA Unlocked Dual Sim T9 Key Board Silver]]>
            </line>
            <line>
              <![CDATA[$28.85]]>
            </line>
            <line>
              <![CDATA[NEW 2019 1.3-inch HD IPS Android OS SmartWatch (DualCore CPU @ 1.2GHz + 512mb RAM] w/ WiFi (Black)]]>
            </line>
            <line>
              <![CDATA[$109.59]]>
            </line>
            <line>
              <![CDATA[iPhone 6s 128GB Space Gray (Unlocked) Refurbished Grade B]]>
            </line>
            <line>
              <![CDATA[$205.00]]>
            </line>
            <line>
              <![CDATA[Refurbished Apple iPhone 6S Plus 128GB, Gold - Locked AT&T]]>
            </line>
            <line>
              <![CDATA[$307.99]]>
            </line>
            <line>
              <![CDATA[Refurbished Apple iPhone 7 Plus 128GB, Black - Unlocked GSM]]>
            </line>
            <line>
              <![CDATA[$409.00]]>
            </line>
            <line>
              <![CDATA[Refurbished Apple iPhone 7 Plus 256 GB GSM Unlocked Black US Version]]>
            </line>
            <line>
              <![CDATA[$369.95]]>
            </line>
            <line>
              <![CDATA[Multifunctional Smart Watch for Android OS by Indigi , 1.3" HD, DualCore, 512MB RAM, 44mm (Black)]]>
            </line>
            <line>
              <![CDATA[$189.99]]>
            </line>
            <line>
              <![CDATA[Refurbished Apple iPhone 7 Plus 256GB, Black - Unlocked CDMA / GSM]]>
            </line>
            <line>
              <![CDATA[$359.97]]>
            </line>
            <line>
              <![CDATA[Honor View10 GSM Unlocked Smartphone, AI Processor, 5.99” FullView Display, 20MP + 16MP Dual-Lens AI Camera, Dual SIM 4G, Fast Charging, 6/128 GB, Blue (US Warranty)]]>
            </line>
            <line>
              <![CDATA[$359.99]]>
            </line>
            <line>
              <![CDATA[Refurbished Apple iPhone 6 64GB, Gold - Unlocked GSM]]>
            </line>
            <line>
              <![CDATA[$159.00]]>
            </line>
            <line>
              <![CDATA[iPhone 7 32GB Matte Black (Unlocked) Refurbished]]>
            </line>
            <line>
              <![CDATA[$199.99]]>
            </line>
            <line>
              <![CDATA[Refurbished Apple iPhone 5s 16GB, Space Gray - Unlocked GSM]]>
            </line>
            <line>
              <![CDATA[$77.96]]>
            </line>
            <line>
              <![CDATA[Refurbished Apple iPhone 6 64GB, Space Gray - Unlocked CDMA / GSM]]>
            </line>
            <line>
              <![CDATA[$109.97]]>
            </line>
            <line>
              <![CDATA[Xiaomi Redmi Note 6 Pro 32GB / 3GB RAM 6.26" Dual Camera LTE Factory Unlocked Smartphone Global Version (Black)]]>
            </line>
            <line>
              <![CDATA[$169.00]]>
            </line>
            <line>
              <![CDATA[iPhone 6 Plus 16GB Silver (Unlocked) Refurbished Grade B]]>
            </line>
            <line>
              <![CDATA[$149.99]]>
            </line>
            <line>
              <![CDATA[Refurbished Apple iPhone 6 Plus 128GB, Gold - Unlocked GSM]]>
            </line>
            <line>
              <![CDATA[$229.95]]>
            </line>
            <line>
              <![CDATA[Alcatel 3V 16GB Unlocked Smartphone, Spectrum Black]]>
            </line>
            <line>
              <![CDATA[$149.99]]>
            </line>
            <line>
              <![CDATA[iPhone 6 Plus 64GB Space Gray (Unlocked) Refurbished]]>
            </line>
            <line>
              <![CDATA[$189.95]]>
            </line>
            <line>
              <![CDATA[LG Tribute Dynasty Smartphone (Sprint)]]>
            </line>
            <line>
              <![CDATA[No Price]]>
            </line>
            <line>
              <![CDATA[Galaxy J3 Express Prime Samsung J320A 16GB AT&T GSM GLOBAL Unlocked Smartphone - Black]]>
            </line>
            <line>
              <![CDATA[$99.99]]>
            </line>
            <line>
              <![CDATA[Refurbished Apple iPhone 6s 32GB, Silver - Unlocked]]>
            </line>
            <line>
              <![CDATA[$159.99]]>
            </line>
            <line>
              <![CDATA[Apple iPhone 7 Plus 32GB Unlocked GSM 4G LTE Quad-Core Smartphone w/ Dual 12MP Camera - Black (Used)]]>
            </line>
            <line>
              <![CDATA[$339.00]]>
            </line>
            <line>
              <![CDATA[Google Pixel XL Phone 128GB - 5.5 inch display ( Factory Unlocked US Version ) (Very Silver)]]>
            </line>
            <line>
              <![CDATA[$249.97]]>
            </line>
            <line>
              <![CDATA[Google Pixel XL 128GB Unlocked GSM Phone w/ 12.3MP Camera - Quite Black]]>
            </line>
            <line>
              <![CDATA[$209.95]]>
            </line>
            <line>
              <![CDATA[Apple iPhone 6 a1549 16GB GSM Unlocked (Refurbished)]]>
            </line>
            <line>
              <![CDATA[$108.95]]>
            </line>
            <line>
              <![CDATA[NEW X98 SmartWatch by Indigi - SIM Slot - Heart Rate - Pedometer - Calorie Counter (Black)]]>
            </line>
            <line>
              <![CDATA[$189.99]]>
            </line>
            <line>
              <![CDATA[Refurbished Apple iPhone 5c 16GB, Blue - GSM/CDMA]]>
            </line>
            <line>
              <![CDATA[$99.95]]>
            </line>
            <line>
              <![CDATA[Plum Tag 2 - Unlocked 3G GSM Phone Camera Flash Light Whatsapp Facebook ATT Tmobile Metro Cricket - Blk/Blu]]>
            </line>
            <line>
              <![CDATA[$29.00]]>
            </line>
            <line>
              <![CDATA[Indigi® Factory Unlocked 3G 6" DualSim SmartPhone Android 5.1 Lollipop w/ WiFi + Bluetooth Sync + 32gb microSD Included]]>
            </line>
            <line>
              <![CDATA[$99.09]]>
            </line>
            <line>
              <![CDATA[Apple iPhone 6s 128GB Unlocked GSM 4G LTE Dual-Core Phone w/ 12MP Camera - Space Gray (Used)]]>
            </line>
            <line>
              <![CDATA[$205.00]]>
            </line>
            <line>
              <![CDATA[Refurbished Apple iPhone 6 Plus 64GB, Silver - Unlocked GSM]]>
            </line>
            <line>
              <![CDATA[$189.95]]>
            </line>
            <line>
              <![CDATA[Refurbished Apple iPhone SE 32GB, Rose Gold - Unlocked LTE]]>
            </line>
            <line>
              <![CDATA[$105.98]]>
            </line>
            <line>
              <![CDATA[Apple iPhone 6s Plus 64GB Unlocked GSM 4G LTE Dual-Core Phone w/ 12MP Camera - Space Gray (Used)]]>
            </line>
            <line>
              <![CDATA[$249.00]]>
            </line>
            <line>
              <![CDATA[Indigi® 7.0" Unlocked 3G 2-in-1 SmartPhone & TabletPC Android 4.4 AT&T / T-Mobile (White) w/ Bundled Items Included]]>
            </line>
            <line>
              <![CDATA[$119.99]]>
            </line>
            <line>
              <![CDATA[Refurbished Apple iPhone 5c 16GB, Pink - Unlocked GSM]]>
            </line>
            <line>
              <![CDATA[$66.28]]>
            </line>
            <line>
              <![CDATA[Refurbished Apple iPhone 5 32GB, Black - Unlocked GSM]]>
            </line>
            <line>
              <![CDATA[$95.00]]>
            </line>
            <line>
              <![CDATA[Refurbished Apple iPhone 6 16GB, Space Gray - Unlocked GSM]]>
            </line>
            <line>
              <![CDATA[$130.88]]>
            </line>
            <line>
              <![CDATA[iPhone 6s Plus 64GB Gold (Boost Mobile) Refurbished]]>
            </line>
            <line>
              <![CDATA[$209.97]]>
            </line>
            <line>
              <![CDATA[Apple iPhone 7 Plus 32GB Unlocked GSM 4G LTE Quad-Core Phone w/ 12MP Camera - Rose Gold]]>
            </line>
            <line>
              <![CDATA[$549.97]]>
            </line>
            <line>
              <![CDATA[iPhone 6s 16GB Space Gray (Unlocked) Refurbished]]>
            </line>
            <line>
              <![CDATA[$169.00]]>
            </line>
            <line>
              <![CDATA[BLU R1 HD 5" Smartphone 8GB GSM Unlocked Dual SIM Android R0011uu Black]]>
            </line>
            <line>
              <![CDATA[$74.95]]>
            </line>
            <line>
              <![CDATA[New G7 ThinQ 64GB LM-G710UL GSM Factory Unlocked 4G LTE 6.1" IPS LCD Display 4GB RAM Dual 16MP+16MP Smartphone - Platinum Gray by LG]]>
            </line>
            <line>
              <![CDATA[$339.95]]>
            </line>
            <line>
              <![CDATA[Certified Refurbished iPhone 7 Jet Black GSM UNLOCKED 32GB - Includes NEW DB1 In-ear Wireless Bluetooth Headphones White]]>
            </line>
            <line>
              <![CDATA[$237.13]]>
            </line>
            <line>
              <![CDATA[Apple iPhone 6 Plus - (64GB) Unlocked Phone (Refurbished) - Gold]]>
            </line>
            <line>
              <![CDATA[$189.00]]>
            </line>
            <line>
              <![CDATA[]]>
            </line>
            <line>
              <![CDATA[    Loaded Phones = 1159]]>
            </line>
            <line>
              <![CDATA[*** End of Mobile Phones Load   ***]]>
            </line>
            <line>
              <![CDATA[]]>
            </line>
          </reporter-output>
        </test-method> <!-- walmartMobilePhonesTest -->
        <test-method status="PASS" signature="afterMethod(org.testng.ITestResult)[pri:0, instance:automation.WalmartMobilePhonesTest@7f560810]" name="afterMethod" is-config="true" duration-ms="216" started-at="2019-09-27T00:09:25Z" finished-at="2019-09-27T00:09:26Z">
          <params>
            <param index="0">
              <value>
                <![CDATA[[TestResult name=walmartMobilePhonesTest status=SUCCESS method=WalmartMobilePhonesTest.walmartMobilePhonesTest()[pri:1, instance:automation.WalmartMobilePhonesTest@7f560810] output=""]]]>
              </value>
            </param>
          </params>
          <reporter-output>
          </reporter-output>
        </test-method> <!-- afterMethod -->
        <test-method status="PASS" signature="afterSuite()[pri:0, instance:automation.WalmartMobilePhonesTest@7f560810]" name="afterSuite" is-config="true" duration-ms="729" started-at="2019-09-27T00:09:26Z" finished-at="2019-09-27T00:09:26Z">
          <reporter-output>
          </reporter-output>
        </test-method> <!-- afterSuite -->
      </class> <!-- automation.WalmartMobilePhonesTest -->
    </test> <!-- WalmartMobilePhonesTest Sanity -->
  </suite> <!-- AutomationTest WalmartMobilePhones -->
</testng-results>
